[2015-07-09 14:28:16][INFO][mocal]user import instance succeed -- logger.py line:61
[2015-07-09 14:29:06][INFO][mocal]user import instance succeed -- logger.py line:61
[2015-07-09 14:29:07][INFO][mocal]user import instance succeed -- logger.py line:61
[2015-07-09 14:29:46][INFO][mocal]user import instance succeed -- logger.py line:61
[2015-07-09 14:29:46][INFO][mocal]user import instance succeed -- logger.py line:61
[2015-07-09 14:30:36][INFO][mocal]user import instance succeed -- logger.py line:61
[2015-07-09 14:30:37][INFO][mocal]user import instance succeed -- logger.py line:61
[2015-07-09 14:32:54][INFO][mocal]user import instance succeed -- logger.py line:61
[2015-07-09 14:33:13][INFO][mocal]user import instance succeed -- logger.py line:61
[2015-07-09 14:33:14][INFO][mocal]user import instance succeed -- logger.py line:61
[2015-07-09 14:34:47][INFO][mocal]user import instance succeed -- logger.py line:61
[2015-08-10 18:36:25][INFO][mocal]register import instance succeed -- logger.py line:61
[2015-08-10 18:36:25][INFO][mocal]register import instance succeed -- logger.py line:61
[2015-08-10 18:36:25][INFO][mocal]register import instance succeed -- logger.py line:61
[2015-08-10 18:36:25][ERROR][mocal]upload import instance failed -- logger.py line:64
[2015-08-10 18:36:25][ERROR][mocal]upload import instance failed -- logger.py line:64
[2015-08-10 18:36:25][INFO][mocal]user import instance succeed -- logger.py line:61
[2015-08-10 18:36:25][INFO][mocal]user import instance succeed -- logger.py line:61
[2015-08-10 18:36:25][INFO][mocal]upload import instance succeed -- logger.py line:61
[2015-08-10 18:36:25][INFO][mocal]upload import instance succeed -- logger.py line:61
[2015-08-10 18:36:25][INFO][mocal]user import instance succeed -- logger.py line:61
[2015-08-10 18:36:25][INFO][mocal]user import instance succeed -- logger.py line:61
[2015-08-10 18:36:26][INFO][mocal]register import instance succeed -- logger.py line:61
[2015-08-10 18:36:26][INFO][mocal]register import instance succeed -- logger.py line:61
[2015-08-10 18:36:26][INFO][mocal]register import instance succeed -- logger.py line:61
[2015-08-10 18:36:26][ERROR][mocal]upload import instance failed -- logger.py line:64
[2015-08-10 18:36:26][ERROR][mocal]upload import instance failed -- logger.py line:64
[2015-08-10 18:36:26][INFO][mocal]user import instance succeed -- logger.py line:61
[2015-08-10 18:36:26][INFO][mocal]user import instance succeed -- logger.py line:61
[2015-08-10 18:36:26][INFO][mocal]upload import instance succeed -- logger.py line:61
[2015-08-10 18:36:26][INFO][mocal]upload import instance succeed -- logger.py line:61
[2015-08-10 18:36:26][INFO][mocal]user import instance succeed -- logger.py line:61
[2015-08-10 18:36:26][INFO][mocal]user import instance succeed -- logger.py line:61
[2015-08-11 11:17:16][INFO][mocal]register import instance succeed -- logger.py line:61
[2015-08-11 11:17:16][INFO][mocal]register import instance succeed -- logger.py line:61
[2015-08-11 11:17:16][INFO][mocal]register import instance succeed -- logger.py line:61
[2015-08-11 11:17:16][ERROR][mocal]upload import instance failed -- logger.py line:64
[2015-08-11 11:17:16][ERROR][mocal]upload import instance failed -- logger.py line:64
[2015-08-11 11:17:16][INFO][mocal]user import instance succeed -- logger.py line:61
[2015-08-11 11:17:16][INFO][mocal]user import instance succeed -- logger.py line:61
[2015-08-11 11:17:16][INFO][mocal]upload import instance succeed -- logger.py line:61
[2015-08-11 11:17:16][INFO][mocal]upload import instance succeed -- logger.py line:61
[2015-08-11 11:17:16][INFO][mocal]user import instance succeed -- logger.py line:61
[2015-08-11 11:17:16][INFO][mocal]user import instance succeed -- logger.py line:61
[2015-08-11 11:17:16][INFO][mocal]register import instance succeed -- logger.py line:61
[2015-08-11 11:17:16][INFO][mocal]register import instance succeed -- logger.py line:61
[2015-08-11 11:17:16][INFO][mocal]register import instance succeed -- logger.py line:61
[2015-08-11 11:17:16][ERROR][mocal]upload import instance failed -- logger.py line:64
[2015-08-11 11:17:16][ERROR][mocal]upload import instance failed -- logger.py line:64
[2015-08-11 11:17:16][INFO][mocal]user import instance succeed -- logger.py line:61
[2015-08-11 11:17:16][INFO][mocal]user import instance succeed -- logger.py line:61
[2015-08-11 11:17:16][INFO][mocal]upload import instance succeed -- logger.py line:61
[2015-08-11 11:17:16][INFO][mocal]upload import instance succeed -- logger.py line:61
[2015-08-11 11:17:16][INFO][mocal]user import instance succeed -- logger.py line:61
[2015-08-11 11:17:16][INFO][mocal]user import instance succeed -- logger.py line:61
[2015-08-11 11:18:08][INFO][mocal]register import instance succeed -- logger.py line:61
[2015-08-11 11:18:08][INFO][mocal]register import instance succeed -- logger.py line:61
[2015-08-11 11:18:08][INFO][mocal]register import instance succeed -- logger.py line:61
[2015-08-11 11:18:08][ERROR][mocal]upload import instance failed -- logger.py line:64
[2015-08-11 11:18:08][ERROR][mocal]upload import instance failed -- logger.py line:64
[2015-08-11 11:18:08][INFO][mocal]user import instance succeed -- logger.py line:61
[2015-08-11 11:18:08][INFO][mocal]user import instance succeed -- logger.py line:61
[2015-08-11 11:18:08][INFO][mocal]upload import instance succeed -- logger.py line:61
[2015-08-11 11:18:08][INFO][mocal]upload import instance succeed -- logger.py line:61
[2015-08-11 11:18:08][INFO][mocal]user import instance succeed -- logger.py line:61
[2015-08-11 11:18:08][INFO][mocal]user import instance succeed -- logger.py line:61
[2015-08-11 11:18:09][INFO][mocal]register import instance succeed -- logger.py line:61
[2015-08-11 11:18:09][INFO][mocal]register import instance succeed -- logger.py line:61
[2015-08-11 11:18:09][INFO][mocal]register import instance succeed -- logger.py line:61
[2015-08-11 11:18:09][ERROR][mocal]upload import instance failed -- logger.py line:64
[2015-08-11 11:18:09][ERROR][mocal]upload import instance failed -- logger.py line:64
[2015-08-11 11:18:09][INFO][mocal]user import instance succeed -- logger.py line:61
[2015-08-11 11:18:09][INFO][mocal]user import instance succeed -- logger.py line:61
[2015-08-11 11:18:09][INFO][mocal]upload import instance succeed -- logger.py line:61
[2015-08-11 11:18:09][INFO][mocal]upload import instance succeed -- logger.py line:61
[2015-08-11 11:18:09][INFO][mocal]user import instance succeed -- logger.py line:61
[2015-08-11 11:18:09][INFO][mocal]user import instance succeed -- logger.py line:61
[2015-08-11 11:20:20][INFO][mocal]register import instance succeed -- logger.py line:61
[2015-08-11 11:20:20][INFO][mocal]register import instance succeed -- logger.py line:61
[2015-08-11 11:20:20][INFO][mocal]register import instance succeed -- logger.py line:61
[2015-08-11 11:20:20][ERROR][mocal]upload import instance failed -- logger.py line:64
[2015-08-11 11:20:20][ERROR][mocal]upload import instance failed -- logger.py line:64
[2015-08-11 11:20:20][INFO][mocal]user import instance succeed -- logger.py line:61
[2015-08-11 11:20:20][INFO][mocal]user import instance succeed -- logger.py line:61
[2015-08-11 11:20:20][INFO][mocal]upload import instance succeed -- logger.py line:61
[2015-08-11 11:20:20][INFO][mocal]upload import instance succeed -- logger.py line:61
[2015-08-11 11:20:20][INFO][mocal]user import instance succeed -- logger.py line:61
[2015-08-11 11:20:20][INFO][mocal]user import instance succeed -- logger.py line:61
[2015-08-11 11:20:21][INFO][mocal]register import instance succeed -- logger.py line:61
[2015-08-11 11:20:21][INFO][mocal]register import instance succeed -- logger.py line:61
[2015-08-11 11:20:21][INFO][mocal]register import instance succeed -- logger.py line:61
[2015-08-11 11:20:21][ERROR][mocal]upload import instance failed -- logger.py line:64
[2015-08-11 11:20:21][ERROR][mocal]upload import instance failed -- logger.py line:64
[2015-08-11 11:20:21][INFO][mocal]user import instance succeed -- logger.py line:61
[2015-08-11 11:20:21][INFO][mocal]user import instance succeed -- logger.py line:61
[2015-08-11 11:20:21][INFO][mocal]upload import instance succeed -- logger.py line:61
[2015-08-11 11:20:21][INFO][mocal]upload import instance succeed -- logger.py line:61
[2015-08-11 11:20:21][INFO][mocal]user import instance succeed -- logger.py line:61
[2015-08-11 11:20:21][INFO][mocal]user import instance succeed -- logger.py line:61
[2015-08-11 11:40:11][INFO][mocal]register import instance succeed -- logger.py line:61
[2015-08-11 11:40:11][INFO][mocal]register import instance succeed -- logger.py line:61
[2015-08-11 11:40:11][INFO][mocal]register import instance succeed -- logger.py line:61
[2015-08-11 11:40:11][ERROR][mocal]upload import instance failed -- logger.py line:64
[2015-08-11 11:40:11][ERROR][mocal]upload import instance failed -- logger.py line:64
[2015-08-11 11:40:11][INFO][mocal]user import instance succeed -- logger.py line:61
[2015-08-11 11:40:11][INFO][mocal]user import instance succeed -- logger.py line:61
[2015-08-11 11:40:11][INFO][mocal]upload import instance succeed -- logger.py line:61
[2015-08-11 11:40:11][INFO][mocal]upload import instance succeed -- logger.py line:61
[2015-08-11 11:40:11][INFO][mocal]user import instance succeed -- logger.py line:61
[2015-08-11 11:40:11][INFO][mocal]user import instance succeed -- logger.py line:61
[2015-08-11 11:40:11][INFO][mocal]register import instance succeed -- logger.py line:61
[2015-08-11 11:40:11][INFO][mocal]register import instance succeed -- logger.py line:61
[2015-08-11 11:40:11][INFO][mocal]register import instance succeed -- logger.py line:61
[2015-08-11 11:40:11][ERROR][mocal]upload import instance failed -- logger.py line:64
[2015-08-11 11:40:11][ERROR][mocal]upload import instance failed -- logger.py line:64
[2015-08-11 11:40:11][INFO][mocal]user import instance succeed -- logger.py line:61
[2015-08-11 11:40:11][INFO][mocal]user import instance succeed -- logger.py line:61
[2015-08-11 11:40:11][INFO][mocal]upload import instance succeed -- logger.py line:61
[2015-08-11 11:40:11][INFO][mocal]upload import instance succeed -- logger.py line:61
[2015-08-11 11:40:11][INFO][mocal]user import instance succeed -- logger.py line:61
[2015-08-11 11:40:11][INFO][mocal]user import instance succeed -- logger.py line:61
[2015-08-11 11:40:59][INFO][mocal]register import instance succeed -- logger.py line:61
[2015-08-11 11:40:59][INFO][mocal]register import instance succeed -- logger.py line:61
[2015-08-11 11:40:59][INFO][mocal]register import instance succeed -- logger.py line:61
[2015-08-11 11:40:59][ERROR][mocal]upload import instance failed -- logger.py line:64
[2015-08-11 11:40:59][ERROR][mocal]upload import instance failed -- logger.py line:64
[2015-08-11 11:40:59][INFO][mocal]user import instance succeed -- logger.py line:61
[2015-08-11 11:40:59][INFO][mocal]user import instance succeed -- logger.py line:61
[2015-08-11 11:40:59][INFO][mocal]upload import instance succeed -- logger.py line:61
[2015-08-11 11:40:59][INFO][mocal]upload import instance succeed -- logger.py line:61
[2015-08-11 11:40:59][INFO][mocal]user import instance succeed -- logger.py line:61
[2015-08-11 11:40:59][INFO][mocal]user import instance succeed -- logger.py line:61
[2015-08-11 11:49:29][INFO][mocal]register import instance succeed -- logger.py line:61
[2015-08-11 11:49:29][INFO][mocal]register import instance succeed -- logger.py line:61
[2015-08-11 11:49:29][INFO][mocal]register import instance succeed -- logger.py line:61
[2015-08-11 11:49:29][ERROR][mocal]upload import instance failed -- logger.py line:64
[2015-08-11 11:49:29][ERROR][mocal]upload import instance failed -- logger.py line:64
[2015-08-11 11:49:29][INFO][mocal]user import instance succeed -- logger.py line:61
[2015-08-11 11:49:29][INFO][mocal]user import instance succeed -- logger.py line:61
[2015-08-11 11:49:29][INFO][mocal]upload import instance succeed -- logger.py line:61
[2015-08-11 11:49:29][INFO][mocal]upload import instance succeed -- logger.py line:61
[2015-08-11 11:49:29][INFO][mocal]user import instance succeed -- logger.py line:61
[2015-08-11 11:49:29][INFO][mocal]user import instance succeed -- logger.py line:61
[2015-08-11 11:54:29][INFO][mocal]register import instance succeed -- logger.py line:61
[2015-08-11 11:54:29][INFO][mocal]register import instance succeed -- logger.py line:61
[2015-08-11 11:54:29][INFO][mocal]register import instance succeed -- logger.py line:61
[2015-08-11 11:54:29][ERROR][mocal]upload import instance failed -- logger.py line:64
[2015-08-11 11:54:29][ERROR][mocal]upload import instance failed -- logger.py line:64
[2015-08-11 11:54:29][INFO][mocal]user import instance succeed -- logger.py line:61
[2015-08-11 11:54:29][INFO][mocal]user import instance succeed -- logger.py line:61
[2015-08-11 11:54:29][INFO][mocal]upload import instance succeed -- logger.py line:61
[2015-08-11 11:54:29][INFO][mocal]upload import instance succeed -- logger.py line:61
[2015-08-11 11:54:29][INFO][mocal]user import instance succeed -- logger.py line:61
[2015-08-11 11:54:29][INFO][mocal]user import instance succeed -- logger.py line:61
[2015-08-11 12:03:05][INFO][mocal]register import instance succeed -- logger.py line:61
[2015-08-11 12:03:05][INFO][mocal]register import instance succeed -- logger.py line:61
[2015-08-11 12:03:05][INFO][mocal]register import instance succeed -- logger.py line:61
[2015-08-11 12:03:05][ERROR][mocal]upload import instance failed -- logger.py line:64
[2015-08-11 12:03:05][ERROR][mocal]upload import instance failed -- logger.py line:64
[2015-08-11 12:03:05][INFO][mocal]user import instance succeed -- logger.py line:61
[2015-08-11 12:03:05][INFO][mocal]user import instance succeed -- logger.py line:61
[2015-08-11 12:03:05][INFO][mocal]upload import instance succeed -- logger.py line:61
[2015-08-11 12:03:05][INFO][mocal]upload import instance succeed -- logger.py line:61
[2015-08-11 12:03:05][INFO][mocal]user import instance succeed -- logger.py line:61
[2015-08-11 12:03:05][INFO][mocal]user import instance succeed -- logger.py line:61
[2015-08-11 12:05:53][INFO][mocal]register import instance succeed -- logger.py line:61
[2015-08-11 12:05:53][INFO][mocal]register import instance succeed -- logger.py line:61
[2015-08-11 12:05:53][INFO][mocal]register import instance succeed -- logger.py line:61
[2015-08-11 12:05:53][ERROR][mocal]upload import instance failed -- logger.py line:64
[2015-08-11 12:05:53][ERROR][mocal]upload import instance failed -- logger.py line:64
[2015-08-11 12:05:53][INFO][mocal]user import instance succeed -- logger.py line:61
[2015-08-11 12:05:53][INFO][mocal]user import instance succeed -- logger.py line:61
[2015-08-11 12:05:53][INFO][mocal]upload import instance succeed -- logger.py line:61
[2015-08-11 12:05:53][INFO][mocal]upload import instance succeed -- logger.py line:61
[2015-08-11 12:05:53][INFO][mocal]user import instance succeed -- logger.py line:61
[2015-08-11 12:05:53][INFO][mocal]user import instance succeed -- logger.py line:61
[2015-08-11 14:42:20][INFO][mocal]register import instance succeed -- logger.py line:61
[2015-08-11 14:43:39][INFO][mocal]register import instance succeed -- logger.py line:61
[2015-08-11 14:43:39][INFO][mocal]register import instance succeed -- logger.py line:61
[2015-08-11 14:43:39][INFO][mocal]register import instance succeed -- logger.py line:61
[2015-08-11 14:43:39][ERROR][mocal]upload import instance failed -- logger.py line:64
[2015-08-11 14:43:39][ERROR][mocal]upload import instance failed -- logger.py line:64
[2015-08-11 14:43:39][INFO][mocal]user import instance succeed -- logger.py line:61
[2015-08-11 14:43:39][INFO][mocal]user import instance succeed -- logger.py line:61
[2015-08-11 14:43:39][INFO][mocal]upload import instance succeed -- logger.py line:61
[2015-08-11 14:43:39][INFO][mocal]upload import instance succeed -- logger.py line:61
[2015-08-11 14:43:39][INFO][mocal]user import instance succeed -- logger.py line:61
[2015-08-11 14:43:39][INFO][mocal]user import instance succeed -- logger.py line:61
[2015-08-11 14:43:40][INFO][mocal]register import instance succeed -- logger.py line:61
[2015-08-11 14:43:40][INFO][mocal]register import instance succeed -- logger.py line:61
[2015-08-11 14:43:40][INFO][mocal]register import instance succeed -- logger.py line:61
[2015-08-11 14:43:40][ERROR][mocal]upload import instance failed -- logger.py line:64
[2015-08-11 14:43:40][ERROR][mocal]upload import instance failed -- logger.py line:64
[2015-08-11 14:43:40][INFO][mocal]user import instance succeed -- logger.py line:61
[2015-08-11 14:43:40][INFO][mocal]user import instance succeed -- logger.py line:61
[2015-08-11 14:43:40][INFO][mocal]upload import instance succeed -- logger.py line:61
[2015-08-11 14:43:40][INFO][mocal]upload import instance succeed -- logger.py line:61
[2015-08-11 14:43:40][INFO][mocal]user import instance succeed -- logger.py line:61
[2015-08-11 14:43:40][INFO][mocal]user import instance succeed -- logger.py line:61
[2015-08-11 14:44:43][INFO][mocal]register import instance succeed -- logger.py line:61
[2015-08-11 14:44:43][INFO][mocal]register import instance succeed -- logger.py line:61
[2015-08-11 14:44:43][INFO][mocal]register import instance succeed -- logger.py line:61
[2015-08-11 14:44:43][ERROR][mocal]upload import instance failed -- logger.py line:64
[2015-08-11 14:44:43][ERROR][mocal]upload import instance failed -- logger.py line:64
[2015-08-11 14:44:43][INFO][mocal]user import instance succeed -- logger.py line:61
[2015-08-11 14:44:43][INFO][mocal]user import instance succeed -- logger.py line:61
[2015-08-11 14:44:43][INFO][mocal]upload import instance succeed -- logger.py line:61
[2015-08-11 14:44:43][INFO][mocal]upload import instance succeed -- logger.py line:61
[2015-08-11 14:44:43][INFO][mocal]user import instance succeed -- logger.py line:61
[2015-08-11 14:44:43][INFO][mocal]user import instance succeed -- logger.py line:61
[2015-08-11 14:44:44][INFO][mocal]register import instance succeed -- logger.py line:61
[2015-08-11 14:44:44][INFO][mocal]register import instance succeed -- logger.py line:61
[2015-08-11 14:44:44][INFO][mocal]register import instance succeed -- logger.py line:61
[2015-08-11 14:44:44][ERROR][mocal]upload import instance failed -- logger.py line:64
[2015-08-11 14:44:44][ERROR][mocal]upload import instance failed -- logger.py line:64
[2015-08-11 14:44:44][INFO][mocal]user import instance succeed -- logger.py line:61
[2015-08-11 14:44:44][INFO][mocal]user import instance succeed -- logger.py line:61
[2015-08-11 14:44:44][INFO][mocal]upload import instance succeed -- logger.py line:61
[2015-08-11 14:44:44][INFO][mocal]upload import instance succeed -- logger.py line:61
[2015-08-11 14:44:44][INFO][mocal]user import instance succeed -- logger.py line:61
[2015-08-11 14:44:44][INFO][mocal]user import instance succeed -- logger.py line:61
[2015-08-11 14:45:46][INFO][mocal]register import instance succeed -- logger.py line:61
[2015-08-11 14:45:46][INFO][mocal]register import instance succeed -- logger.py line:61
[2015-08-11 14:45:46][INFO][mocal]register import instance succeed -- logger.py line:61
[2015-08-11 14:45:46][ERROR][mocal]upload import instance failed -- logger.py line:64
[2015-08-11 14:45:46][ERROR][mocal]upload import instance failed -- logger.py line:64
[2015-08-11 14:45:46][INFO][mocal]user import instance succeed -- logger.py line:61
[2015-08-11 14:45:46][INFO][mocal]user import instance succeed -- logger.py line:61
[2015-08-11 14:45:46][INFO][mocal]upload import instance succeed -- logger.py line:61
[2015-08-11 14:45:46][INFO][mocal]upload import instance succeed -- logger.py line:61
[2015-08-11 14:45:46][INFO][mocal]user import instance succeed -- logger.py line:61
[2015-08-11 14:45:46][INFO][mocal]user import instance succeed -- logger.py line:61
[2015-08-11 14:45:48][INFO][mocal]register import instance succeed -- logger.py line:61
[2015-08-11 14:45:48][INFO][mocal]register import instance succeed -- logger.py line:61
[2015-08-11 14:45:48][INFO][mocal]register import instance succeed -- logger.py line:61
[2015-08-11 14:45:48][ERROR][mocal]upload import instance failed -- logger.py line:64
[2015-08-11 14:45:48][ERROR][mocal]upload import instance failed -- logger.py line:64
[2015-08-11 14:45:48][INFO][mocal]user import instance succeed -- logger.py line:61
[2015-08-11 14:45:48][INFO][mocal]user import instance succeed -- logger.py line:61
[2015-08-11 14:45:48][INFO][mocal]upload import instance succeed -- logger.py line:61
[2015-08-11 14:45:48][INFO][mocal]upload import instance succeed -- logger.py line:61
[2015-08-11 14:45:48][INFO][mocal]user import instance succeed -- logger.py line:61
[2015-08-11 14:45:48][INFO][mocal]user import instance succeed -- logger.py line:61
[2015-08-11 14:49:16][INFO][mocal]register import instance succeed -- logger.py line:61
[2015-08-11 14:49:16][INFO][mocal]register import instance succeed -- logger.py line:61
[2015-08-11 14:49:16][INFO][mocal]register import instance succeed -- logger.py line:61
[2015-08-11 14:49:16][ERROR][mocal]upload import instance failed -- logger.py line:64
[2015-08-11 14:49:16][ERROR][mocal]upload import instance failed -- logger.py line:64
[2015-08-11 14:49:16][INFO][mocal]user import instance succeed -- logger.py line:61
[2015-08-11 14:49:16][INFO][mocal]user import instance succeed -- logger.py line:61
[2015-08-11 14:49:16][INFO][mocal]upload import instance succeed -- logger.py line:61
[2015-08-11 14:49:16][INFO][mocal]upload import instance succeed -- logger.py line:61
[2015-08-11 14:49:16][INFO][mocal]user import instance succeed -- logger.py line:61
[2015-08-11 14:49:16][INFO][mocal]user import instance succeed -- logger.py line:61
[2015-08-11 14:49:18][INFO][mocal]register import instance succeed -- logger.py line:61
[2015-08-11 14:49:18][INFO][mocal]register import instance succeed -- logger.py line:61
[2015-08-11 14:49:18][INFO][mocal]register import instance succeed -- logger.py line:61
[2015-08-11 14:49:18][ERROR][mocal]upload import instance failed -- logger.py line:64
[2015-08-11 14:49:18][ERROR][mocal]upload import instance failed -- logger.py line:64
[2015-08-11 14:49:18][INFO][mocal]user import instance succeed -- logger.py line:61
[2015-08-11 14:49:18][INFO][mocal]user import instance succeed -- logger.py line:61
[2015-08-11 14:49:18][INFO][mocal]upload import instance succeed -- logger.py line:61
[2015-08-11 14:49:18][INFO][mocal]upload import instance succeed -- logger.py line:61
[2015-08-11 14:49:18][INFO][mocal]user import instance succeed -- logger.py line:61
[2015-08-11 14:49:18][INFO][mocal]user import instance succeed -- logger.py line:61
[2015-08-11 14:51:06][INFO][mocal]register import instance succeed -- logger.py line:61
[2015-08-11 14:51:06][INFO][mocal]register import instance succeed -- logger.py line:61
[2015-08-11 14:51:06][INFO][mocal]register import instance succeed -- logger.py line:61
[2015-08-11 14:51:06][ERROR][mocal]upload import instance failed -- logger.py line:64
[2015-08-11 14:51:06][ERROR][mocal]upload import instance failed -- logger.py line:64
[2015-08-11 14:51:06][INFO][mocal]user import instance succeed -- logger.py line:61
[2015-08-11 14:51:06][INFO][mocal]user import instance succeed -- logger.py line:61
[2015-08-11 14:51:06][INFO][mocal]upload import instance succeed -- logger.py line:61
[2015-08-11 14:51:06][INFO][mocal]upload import instance succeed -- logger.py line:61
[2015-08-11 14:51:06][INFO][mocal]user import instance succeed -- logger.py line:61
[2015-08-11 14:51:06][INFO][mocal]user import instance succeed -- logger.py line:61
[2015-08-11 14:51:08][INFO][mocal]register import instance succeed -- logger.py line:61
[2015-08-11 14:51:08][INFO][mocal]register import instance succeed -- logger.py line:61
[2015-08-11 14:51:08][INFO][mocal]register import instance succeed -- logger.py line:61
[2015-08-11 14:51:08][ERROR][mocal]upload import instance failed -- logger.py line:64
[2015-08-11 14:51:08][ERROR][mocal]upload import instance failed -- logger.py line:64
[2015-08-11 14:51:08][INFO][mocal]user import instance succeed -- logger.py line:61
[2015-08-11 14:51:08][INFO][mocal]user import instance succeed -- logger.py line:61
[2015-08-11 14:51:08][INFO][mocal]upload import instance succeed -- logger.py line:61
[2015-08-11 14:51:08][INFO][mocal]upload import instance succeed -- logger.py line:61
[2015-08-11 14:51:08][INFO][mocal]user import instance succeed -- logger.py line:61
[2015-08-11 14:51:08][INFO][mocal]user import instance succeed -- logger.py line:61
[2015-08-11 14:56:30][INFO][mocal]register import instance succeed -- logger.py line:61
[2015-08-11 14:56:30][INFO][mocal]register import instance succeed -- logger.py line:61
[2015-08-11 14:56:30][INFO][mocal]register import instance succeed -- logger.py line:61
[2015-08-11 14:56:30][ERROR][mocal]upload import instance failed -- logger.py line:64
[2015-08-11 14:56:30][ERROR][mocal]upload import instance failed -- logger.py line:64
[2015-08-11 14:56:30][INFO][mocal]user import instance succeed -- logger.py line:61
[2015-08-11 14:56:30][INFO][mocal]user import instance succeed -- logger.py line:61
[2015-08-11 14:56:30][INFO][mocal]upload import instance succeed -- logger.py line:61
[2015-08-11 14:56:30][INFO][mocal]upload import instance succeed -- logger.py line:61
[2015-08-11 14:56:30][INFO][mocal]user import instance succeed -- logger.py line:61
[2015-08-11 14:56:30][INFO][mocal]user import instance succeed -- logger.py line:61
[2015-08-11 14:57:29][INFO][mocal]register import instance succeed -- logger.py line:61
[2015-08-11 14:57:29][INFO][mocal]register import instance succeed -- logger.py line:61
[2015-08-11 14:57:29][INFO][mocal]register import instance succeed -- logger.py line:61
[2015-08-11 14:57:29][ERROR][mocal]upload import instance failed -- logger.py line:64
[2015-08-11 14:57:29][ERROR][mocal]upload import instance failed -- logger.py line:64
[2015-08-11 14:57:29][INFO][mocal]user import instance succeed -- logger.py line:61
[2015-08-11 14:57:29][INFO][mocal]user import instance succeed -- logger.py line:61
[2015-08-11 14:57:30][INFO][mocal]upload import instance succeed -- logger.py line:61
[2015-08-11 14:57:30][INFO][mocal]upload import instance succeed -- logger.py line:61
[2015-08-11 14:57:30][INFO][mocal]user import instance succeed -- logger.py line:61
[2015-08-11 14:57:30][INFO][mocal]user import instance succeed -- logger.py line:61
[2015-08-11 14:57:32][INFO][mocal]register import instance succeed -- logger.py line:61
[2015-08-11 14:57:32][INFO][mocal]register import instance succeed -- logger.py line:61
[2015-08-11 14:57:32][INFO][mocal]register import instance succeed -- logger.py line:61
[2015-08-11 14:57:32][ERROR][mocal]upload import instance failed -- logger.py line:64
[2015-08-11 14:57:32][ERROR][mocal]upload import instance failed -- logger.py line:64
[2015-08-11 14:57:32][INFO][mocal]user import instance succeed -- logger.py line:61
[2015-08-11 14:57:32][INFO][mocal]user import instance succeed -- logger.py line:61
[2015-08-11 14:57:32][INFO][mocal]upload import instance succeed -- logger.py line:61
[2015-08-11 14:57:32][INFO][mocal]upload import instance succeed -- logger.py line:61
[2015-08-11 14:57:32][INFO][mocal]user import instance succeed -- logger.py line:61
[2015-08-11 14:57:32][INFO][mocal]user import instance succeed -- logger.py line:61
[2015-08-11 15:08:28][INFO][mocal]register import instance succeed -- logger.py line:61
[2015-08-11 15:08:28][INFO][mocal]register import instance succeed -- logger.py line:61
[2015-08-11 15:08:28][INFO][mocal]register import instance succeed -- logger.py line:61
[2015-08-11 15:08:28][ERROR][mocal]upload import instance failed -- logger.py line:64
[2015-08-11 15:08:28][ERROR][mocal]upload import instance failed -- logger.py line:64
[2015-08-11 15:08:28][INFO][mocal]user import instance succeed -- logger.py line:61
[2015-08-11 15:08:28][INFO][mocal]user import instance succeed -- logger.py line:61
[2015-08-11 15:08:28][INFO][mocal]upload import instance succeed -- logger.py line:61
[2015-08-11 15:08:28][INFO][mocal]upload import instance succeed -- logger.py line:61
[2015-08-11 15:08:28][INFO][mocal]user import instance succeed -- logger.py line:61
[2015-08-11 15:08:28][INFO][mocal]user import instance succeed -- logger.py line:61
[2015-08-11 15:08:30][INFO][mocal]register import instance succeed -- logger.py line:61
[2015-08-11 15:08:30][INFO][mocal]register import instance succeed -- logger.py line:61
[2015-08-11 15:08:30][INFO][mocal]register import instance succeed -- logger.py line:61
[2015-08-11 15:08:30][ERROR][mocal]upload import instance failed -- logger.py line:64
[2015-08-11 15:08:30][ERROR][mocal]upload import instance failed -- logger.py line:64
[2015-08-11 15:08:30][INFO][mocal]user import instance succeed -- logger.py line:61
[2015-08-11 15:08:30][INFO][mocal]user import instance succeed -- logger.py line:61
[2015-08-11 15:08:30][INFO][mocal]upload import instance succeed -- logger.py line:61
[2015-08-11 15:08:30][INFO][mocal]upload import instance succeed -- logger.py line:61
[2015-08-11 15:08:30][INFO][mocal]user import instance succeed -- logger.py line:61
[2015-08-11 15:08:30][INFO][mocal]user import instance succeed -- logger.py line:61
[2015-08-11 15:11:22][INFO][mocal]register import instance succeed -- logger.py line:61
[2015-08-11 15:11:22][INFO][mocal]register import instance succeed -- logger.py line:61
[2015-08-11 15:11:22][INFO][mocal]register import instance succeed -- logger.py line:61
[2015-08-11 15:11:22][ERROR][mocal]upload import instance failed -- logger.py line:64
[2015-08-11 15:11:22][ERROR][mocal]upload import instance failed -- logger.py line:64
[2015-08-11 15:11:22][INFO][mocal]user import instance succeed -- logger.py line:61
[2015-08-11 15:11:22][INFO][mocal]user import instance succeed -- logger.py line:61
[2015-08-11 15:11:22][INFO][mocal]upload import instance succeed -- logger.py line:61
[2015-08-11 15:11:22][INFO][mocal]upload import instance succeed -- logger.py line:61
[2015-08-11 15:11:22][INFO][mocal]user import instance succeed -- logger.py line:61
[2015-08-11 15:11:22][INFO][mocal]user import instance succeed -- logger.py line:61
[2015-08-11 15:11:44][INFO][mocal]register import instance succeed -- logger.py line:61
[2015-08-11 15:11:44][INFO][mocal]register import instance succeed -- logger.py line:61
[2015-08-11 15:11:44][INFO][mocal]register import instance succeed -- logger.py line:61
[2015-08-11 15:11:44][ERROR][mocal]upload import instance failed -- logger.py line:64
[2015-08-11 15:11:44][ERROR][mocal]upload import instance failed -- logger.py line:64
[2015-08-11 15:11:44][INFO][mocal]user import instance succeed -- logger.py line:61
[2015-08-11 15:11:44][INFO][mocal]user import instance succeed -- logger.py line:61
[2015-08-11 15:11:45][INFO][mocal]upload import instance succeed -- logger.py line:61
[2015-08-11 15:11:45][INFO][mocal]upload import instance succeed -- logger.py line:61
[2015-08-11 15:11:45][INFO][mocal]user import instance succeed -- logger.py line:61
[2015-08-11 15:11:45][INFO][mocal]user import instance succeed -- logger.py line:61
[2015-08-11 15:11:45][INFO][mocal]register import instance succeed -- logger.py line:61
[2015-08-11 15:11:45][INFO][mocal]register import instance succeed -- logger.py line:61
[2015-08-11 15:11:45][INFO][mocal]register import instance succeed -- logger.py line:61
[2015-08-11 15:11:45][ERROR][mocal]upload import instance failed -- logger.py line:64
[2015-08-11 15:11:45][ERROR][mocal]upload import instance failed -- logger.py line:64
[2015-08-11 15:11:45][INFO][mocal]user import instance succeed -- logger.py line:61
[2015-08-11 15:11:45][INFO][mocal]user import instance succeed -- logger.py line:61
[2015-08-11 15:11:45][INFO][mocal]upload import instance succeed -- logger.py line:61
[2015-08-11 15:11:45][INFO][mocal]upload import instance succeed -- logger.py line:61
[2015-08-11 15:11:45][INFO][mocal]user import instance succeed -- logger.py line:61
[2015-08-11 15:11:45][INFO][mocal]user import instance succeed -- logger.py line:61
[2015-08-11 15:20:12][INFO][mocal]register import instance succeed -- logger.py line:61
[2015-08-11 15:20:12][INFO][mocal]register import instance succeed -- logger.py line:61
[2015-08-11 15:20:12][INFO][mocal]register import instance succeed -- logger.py line:61
[2015-08-11 15:20:12][ERROR][mocal]upload import instance failed -- logger.py line:64
[2015-08-11 15:20:12][ERROR][mocal]upload import instance failed -- logger.py line:64
[2015-08-11 15:20:12][INFO][mocal]user import instance succeed -- logger.py line:61
[2015-08-11 15:20:12][INFO][mocal]user import instance succeed -- logger.py line:61
[2015-08-11 15:20:12][INFO][mocal]upload import instance succeed -- logger.py line:61
[2015-08-11 15:20:12][INFO][mocal]upload import instance succeed -- logger.py line:61
[2015-08-11 15:20:12][INFO][mocal]user import instance succeed -- logger.py line:61
[2015-08-11 15:20:12][INFO][mocal]user import instance succeed -- logger.py line:61
[2015-08-11 15:20:13][INFO][mocal]register import instance succeed -- logger.py line:61
[2015-08-11 15:20:13][INFO][mocal]register import instance succeed -- logger.py line:61
[2015-08-11 15:20:13][INFO][mocal]register import instance succeed -- logger.py line:61
[2015-08-11 15:20:13][ERROR][mocal]upload import instance failed -- logger.py line:64
[2015-08-11 15:20:13][ERROR][mocal]upload import instance failed -- logger.py line:64
[2015-08-11 15:20:13][INFO][mocal]user import instance succeed -- logger.py line:61
[2015-08-11 15:20:13][INFO][mocal]user import instance succeed -- logger.py line:61
[2015-08-11 15:20:13][INFO][mocal]upload import instance succeed -- logger.py line:61
[2015-08-11 15:20:13][INFO][mocal]upload import instance succeed -- logger.py line:61
[2015-08-11 15:20:13][INFO][mocal]user import instance succeed -- logger.py line:61
[2015-08-11 15:20:13][INFO][mocal]user import instance succeed -- logger.py line:61
[2015-08-11 15:20:25][INFO][mocal]register import instance succeed -- logger.py line:61
[2015-08-11 15:20:25][INFO][mocal]register import instance succeed -- logger.py line:61
[2015-08-11 15:20:25][INFO][mocal]register import instance succeed -- logger.py line:61
[2015-08-11 15:20:25][ERROR][mocal]upload import instance failed -- logger.py line:64
[2015-08-11 15:20:25][ERROR][mocal]upload import instance failed -- logger.py line:64
[2015-08-11 15:20:25][INFO][mocal]user import instance succeed -- logger.py line:61
[2015-08-11 15:20:25][INFO][mocal]user import instance succeed -- logger.py line:61
[2015-08-11 15:20:25][INFO][mocal]upload import instance succeed -- logger.py line:61
[2015-08-11 15:20:25][INFO][mocal]upload import instance succeed -- logger.py line:61
[2015-08-11 15:20:25][INFO][mocal]user import instance succeed -- logger.py line:61
[2015-08-11 15:20:25][INFO][mocal]user import instance succeed -- logger.py line:61
[2015-08-11 15:20:25][INFO][mocal]register import instance succeed -- logger.py line:61
[2015-08-11 15:20:25][INFO][mocal]register import instance succeed -- logger.py line:61
[2015-08-11 15:20:25][INFO][mocal]register import instance succeed -- logger.py line:61
[2015-08-11 15:20:25][ERROR][mocal]upload import instance failed -- logger.py line:64
[2015-08-11 15:20:25][ERROR][mocal]upload import instance failed -- logger.py line:64
[2015-08-11 15:20:25][INFO][mocal]user import instance succeed -- logger.py line:61
[2015-08-11 15:20:25][INFO][mocal]user import instance succeed -- logger.py line:61
[2015-08-11 15:20:25][INFO][mocal]upload import instance succeed -- logger.py line:61
[2015-08-11 15:20:25][INFO][mocal]upload import instance succeed -- logger.py line:61
[2015-08-11 15:20:25][INFO][mocal]user import instance succeed -- logger.py line:61
[2015-08-11 15:20:25][INFO][mocal]user import instance succeed -- logger.py line:61
[2015-08-11 15:22:40][INFO][mocal]register import instance succeed -- logger.py line:61
[2015-08-11 15:22:40][INFO][mocal]register import instance succeed -- logger.py line:61
[2015-08-11 15:22:40][INFO][mocal]register import instance succeed -- logger.py line:61
[2015-08-11 15:22:40][ERROR][mocal]upload import instance failed -- logger.py line:64
[2015-08-11 15:22:40][ERROR][mocal]upload import instance failed -- logger.py line:64
[2015-08-11 15:22:40][INFO][mocal]user import instance succeed -- logger.py line:61
[2015-08-11 15:22:40][INFO][mocal]user import instance succeed -- logger.py line:61
[2015-08-11 15:22:40][INFO][mocal]upload import instance succeed -- logger.py line:61
[2015-08-11 15:22:40][INFO][mocal]upload import instance succeed -- logger.py line:61
[2015-08-11 15:22:40][INFO][mocal]user import instance succeed -- logger.py line:61
[2015-08-11 15:22:40][INFO][mocal]user import instance succeed -- logger.py line:61
[2015-08-11 15:22:41][INFO][mocal]register import instance succeed -- logger.py line:61
[2015-08-11 15:22:41][INFO][mocal]register import instance succeed -- logger.py line:61
[2015-08-11 15:22:41][INFO][mocal]register import instance succeed -- logger.py line:61
[2015-08-11 15:22:41][ERROR][mocal]upload import instance failed -- logger.py line:64
[2015-08-11 15:22:41][ERROR][mocal]upload import instance failed -- logger.py line:64
[2015-08-11 15:22:41][INFO][mocal]user import instance succeed -- logger.py line:61
[2015-08-11 15:22:41][INFO][mocal]user import instance succeed -- logger.py line:61
[2015-08-11 15:22:41][INFO][mocal]upload import instance succeed -- logger.py line:61
[2015-08-11 15:22:41][INFO][mocal]upload import instance succeed -- logger.py line:61
[2015-08-11 15:22:41][INFO][mocal]user import instance succeed -- logger.py line:61
[2015-08-11 15:22:41][INFO][mocal]user import instance succeed -- logger.py line:61
[2015-08-11 15:25:30][INFO][mocal]register import instance succeed -- logger.py line:61
[2015-08-11 15:25:30][INFO][mocal]register import instance succeed -- logger.py line:61
[2015-08-11 15:25:30][INFO][mocal]register import instance succeed -- logger.py line:61
[2015-08-11 15:25:30][ERROR][mocal]upload import instance failed -- logger.py line:64
[2015-08-11 15:25:30][ERROR][mocal]upload import instance failed -- logger.py line:64
[2015-08-11 15:25:30][INFO][mocal]user import instance succeed -- logger.py line:61
[2015-08-11 15:25:30][INFO][mocal]user import instance succeed -- logger.py line:61
[2015-08-11 15:25:30][INFO][mocal]upload import instance succeed -- logger.py line:61
[2015-08-11 15:25:30][INFO][mocal]upload import instance succeed -- logger.py line:61
[2015-08-11 15:25:30][INFO][mocal]user import instance succeed -- logger.py line:61
[2015-08-11 15:25:30][INFO][mocal]user import instance succeed -- logger.py line:61
[2015-08-11 15:25:31][INFO][mocal]register import instance succeed -- logger.py line:61
[2015-08-11 15:25:31][INFO][mocal]register import instance succeed -- logger.py line:61
[2015-08-11 15:25:31][INFO][mocal]register import instance succeed -- logger.py line:61
[2015-08-11 15:25:31][ERROR][mocal]upload import instance failed -- logger.py line:64
[2015-08-11 15:25:31][ERROR][mocal]upload import instance failed -- logger.py line:64
[2015-08-11 15:25:31][INFO][mocal]user import instance succeed -- logger.py line:61
[2015-08-11 15:25:31][INFO][mocal]user import instance succeed -- logger.py line:61
[2015-08-11 15:25:31][INFO][mocal]upload import instance succeed -- logger.py line:61
[2015-08-11 15:25:31][INFO][mocal]upload import instance succeed -- logger.py line:61
[2015-08-11 15:25:31][INFO][mocal]user import instance succeed -- logger.py line:61
[2015-08-11 15:25:31][INFO][mocal]user import instance succeed -- logger.py line:61
[2015-08-11 15:27:14][INFO][mocal]register import instance succeed -- logger.py line:61
[2015-08-11 15:27:14][INFO][mocal]register import instance succeed -- logger.py line:61
[2015-08-11 15:27:14][INFO][mocal]register import instance succeed -- logger.py line:61
[2015-08-11 15:27:14][ERROR][mocal]upload import instance failed -- logger.py line:64
[2015-08-11 15:27:14][ERROR][mocal]upload import instance failed -- logger.py line:64
[2015-08-11 15:27:14][INFO][mocal]user import instance succeed -- logger.py line:61
[2015-08-11 15:27:14][INFO][mocal]user import instance succeed -- logger.py line:61
[2015-08-11 15:27:14][INFO][mocal]upload import instance succeed -- logger.py line:61
[2015-08-11 15:27:14][INFO][mocal]upload import instance succeed -- logger.py line:61
[2015-08-11 15:27:14][INFO][mocal]user import instance succeed -- logger.py line:61
[2015-08-11 15:27:14][INFO][mocal]user import instance succeed -- logger.py line:61
[2015-08-11 15:45:50][INFO][mocal]register import instance succeed -- logger.py line:61
[2015-08-11 15:45:50][INFO][mocal]register import instance succeed -- logger.py line:61
[2015-08-11 15:45:50][INFO][mocal]register import instance succeed -- logger.py line:61
[2015-08-11 15:45:50][ERROR][mocal]upload import instance failed -- logger.py line:64
[2015-08-11 15:45:50][ERROR][mocal]upload import instance failed -- logger.py line:64
[2015-08-11 15:45:50][INFO][mocal]user import instance succeed -- logger.py line:61
[2015-08-11 15:45:50][INFO][mocal]user import instance succeed -- logger.py line:61
[2015-08-11 15:45:50][INFO][mocal]upload import instance succeed -- logger.py line:61
[2015-08-11 15:45:50][INFO][mocal]upload import instance succeed -- logger.py line:61
[2015-08-11 15:45:50][INFO][mocal]user import instance succeed -- logger.py line:61
[2015-08-11 15:45:50][INFO][mocal]user import instance succeed -- logger.py line:61
[2015-08-11 15:45:52][INFO][mocal]register import instance succeed -- logger.py line:61
[2015-08-11 15:45:52][INFO][mocal]register import instance succeed -- logger.py line:61
[2015-08-11 15:45:52][INFO][mocal]register import instance succeed -- logger.py line:61
[2015-08-11 15:45:52][ERROR][mocal]upload import instance failed -- logger.py line:64
[2015-08-11 15:45:52][ERROR][mocal]upload import instance failed -- logger.py line:64
[2015-08-11 15:45:52][INFO][mocal]user import instance succeed -- logger.py line:61
[2015-08-11 15:45:52][INFO][mocal]user import instance succeed -- logger.py line:61
[2015-08-11 15:45:53][INFO][mocal]upload import instance succeed -- logger.py line:61
[2015-08-11 15:45:53][INFO][mocal]upload import instance succeed -- logger.py line:61
[2015-08-11 15:45:53][INFO][mocal]user import instance succeed -- logger.py line:61
[2015-08-11 15:45:53][INFO][mocal]user import instance succeed -- logger.py line:61
[2015-08-11 15:48:12][INFO][mocal]register import instance succeed -- logger.py line:61
[2015-08-11 15:48:12][INFO][mocal]register import instance succeed -- logger.py line:61
[2015-08-11 15:48:12][INFO][mocal]register import instance succeed -- logger.py line:61
[2015-08-11 15:48:12][ERROR][mocal]upload import instance failed -- logger.py line:64
[2015-08-11 15:48:12][ERROR][mocal]upload import instance failed -- logger.py line:64
[2015-08-11 15:48:12][INFO][mocal]user import instance succeed -- logger.py line:61
[2015-08-11 15:48:12][INFO][mocal]user import instance succeed -- logger.py line:61
[2015-08-11 15:48:13][INFO][mocal]upload import instance succeed -- logger.py line:61
[2015-08-11 15:48:13][INFO][mocal]upload import instance succeed -- logger.py line:61
[2015-08-11 15:48:13][INFO][mocal]user import instance succeed -- logger.py line:61
[2015-08-11 15:48:13][INFO][mocal]user import instance succeed -- logger.py line:61
[2015-08-11 15:48:14][INFO][mocal]register import instance succeed -- logger.py line:61
[2015-08-11 15:48:14][INFO][mocal]register import instance succeed -- logger.py line:61
[2015-08-11 15:48:14][INFO][mocal]register import instance succeed -- logger.py line:61
[2015-08-11 15:48:14][ERROR][mocal]upload import instance failed -- logger.py line:64
[2015-08-11 15:48:14][ERROR][mocal]upload import instance failed -- logger.py line:64
[2015-08-11 15:48:14][INFO][mocal]user import instance succeed -- logger.py line:61
[2015-08-11 15:48:14][INFO][mocal]user import instance succeed -- logger.py line:61
[2015-08-11 15:48:15][INFO][mocal]upload import instance succeed -- logger.py line:61
[2015-08-11 15:48:15][INFO][mocal]upload import instance succeed -- logger.py line:61
[2015-08-11 15:48:15][INFO][mocal]user import instance succeed -- logger.py line:61
[2015-08-11 15:48:15][INFO][mocal]user import instance succeed -- logger.py line:61
[2015-08-11 15:50:12][INFO][mocal]register import instance succeed -- logger.py line:61
[2015-08-11 15:50:12][INFO][mocal]register import instance succeed -- logger.py line:61
[2015-08-11 15:50:12][INFO][mocal]register import instance succeed -- logger.py line:61
[2015-08-11 15:50:12][ERROR][mocal]upload import instance failed -- logger.py line:64
[2015-08-11 15:50:12][ERROR][mocal]upload import instance failed -- logger.py line:64
[2015-08-11 15:50:12][INFO][mocal]user import instance succeed -- logger.py line:61
[2015-08-11 15:50:12][INFO][mocal]user import instance succeed -- logger.py line:61
[2015-08-11 15:50:12][INFO][mocal]upload import instance succeed -- logger.py line:61
[2015-08-11 15:50:12][INFO][mocal]upload import instance succeed -- logger.py line:61
[2015-08-11 15:50:12][INFO][mocal]user import instance succeed -- logger.py line:61
[2015-08-11 15:50:12][INFO][mocal]user import instance succeed -- logger.py line:61
[2015-08-11 15:50:14][INFO][mocal]register import instance succeed -- logger.py line:61
[2015-08-11 15:50:14][INFO][mocal]register import instance succeed -- logger.py line:61
[2015-08-11 15:50:14][INFO][mocal]register import instance succeed -- logger.py line:61
[2015-08-11 15:50:14][ERROR][mocal]upload import instance failed -- logger.py line:64
[2015-08-11 15:50:14][ERROR][mocal]upload import instance failed -- logger.py line:64
[2015-08-11 15:50:14][INFO][mocal]user import instance succeed -- logger.py line:61
[2015-08-11 15:50:14][INFO][mocal]user import instance succeed -- logger.py line:61
[2015-08-11 15:50:14][INFO][mocal]upload import instance succeed -- logger.py line:61
[2015-08-11 15:50:14][INFO][mocal]upload import instance succeed -- logger.py line:61
[2015-08-11 15:50:14][INFO][mocal]user import instance succeed -- logger.py line:61
[2015-08-11 15:50:14][INFO][mocal]user import instance succeed -- logger.py line:61
[2015-08-11 15:57:28][INFO][mocal]register import instance succeed -- logger.py line:61
[2015-08-11 15:57:28][INFO][mocal]register import instance succeed -- logger.py line:61
[2015-08-11 15:57:28][INFO][mocal]register import instance succeed -- logger.py line:61
[2015-08-11 15:57:28][ERROR][mocal]upload import instance failed -- logger.py line:64
[2015-08-11 15:57:28][ERROR][mocal]upload import instance failed -- logger.py line:64
[2015-08-11 15:57:28][INFO][mocal]user import instance succeed -- logger.py line:61
[2015-08-11 15:57:28][INFO][mocal]user import instance succeed -- logger.py line:61
[2015-08-11 15:57:28][INFO][mocal]upload import instance succeed -- logger.py line:61
[2015-08-11 15:57:28][INFO][mocal]upload import instance succeed -- logger.py line:61
[2015-08-11 15:57:28][INFO][mocal]user import instance succeed -- logger.py line:61
[2015-08-11 15:57:28][INFO][mocal]user import instance succeed -- logger.py line:61
[2015-08-11 15:57:57][INFO][mocal]register import instance succeed -- logger.py line:61
[2015-08-11 15:57:57][INFO][mocal]register import instance succeed -- logger.py line:61
[2015-08-11 15:57:57][INFO][mocal]register import instance succeed -- logger.py line:61
[2015-08-11 15:57:57][ERROR][mocal]upload import instance failed -- logger.py line:64
[2015-08-11 15:57:57][ERROR][mocal]upload import instance failed -- logger.py line:64
[2015-08-11 15:57:57][INFO][mocal]user import instance succeed -- logger.py line:61
[2015-08-11 15:57:57][INFO][mocal]user import instance succeed -- logger.py line:61
[2015-08-11 15:57:57][INFO][mocal]upload import instance succeed -- logger.py line:61
[2015-08-11 15:57:57][INFO][mocal]upload import instance succeed -- logger.py line:61
[2015-08-11 15:57:57][INFO][mocal]user import instance succeed -- logger.py line:61
[2015-08-11 15:57:57][INFO][mocal]user import instance succeed -- logger.py line:61
[2015-08-11 15:57:59][INFO][mocal]register import instance succeed -- logger.py line:61
[2015-08-11 15:57:59][INFO][mocal]register import instance succeed -- logger.py line:61
[2015-08-11 15:57:59][INFO][mocal]register import instance succeed -- logger.py line:61
[2015-08-11 15:57:59][ERROR][mocal]upload import instance failed -- logger.py line:64
[2015-08-11 15:57:59][ERROR][mocal]upload import instance failed -- logger.py line:64
[2015-08-11 15:57:59][INFO][mocal]user import instance succeed -- logger.py line:61
[2015-08-11 15:57:59][INFO][mocal]user import instance succeed -- logger.py line:61
[2015-08-11 15:57:59][INFO][mocal]upload import instance succeed -- logger.py line:61
[2015-08-11 15:57:59][INFO][mocal]upload import instance succeed -- logger.py line:61
[2015-08-11 15:57:59][INFO][mocal]user import instance succeed -- logger.py line:61
[2015-08-11 15:57:59][INFO][mocal]user import instance succeed -- logger.py line:61
[2015-08-11 16:01:18][INFO][mocal]register import instance succeed -- logger.py line:61
[2015-08-11 16:01:18][INFO][mocal]register import instance succeed -- logger.py line:61
[2015-08-11 16:01:18][INFO][mocal]register import instance succeed -- logger.py line:61
[2015-08-11 16:01:18][ERROR][mocal]upload import instance failed -- logger.py line:64
[2015-08-11 16:01:18][ERROR][mocal]upload import instance failed -- logger.py line:64
[2015-08-11 16:01:18][INFO][mocal]user import instance succeed -- logger.py line:61
[2015-08-11 16:01:18][INFO][mocal]user import instance succeed -- logger.py line:61
[2015-08-11 16:01:19][INFO][mocal]upload import instance succeed -- logger.py line:61
[2015-08-11 16:01:19][INFO][mocal]upload import instance succeed -- logger.py line:61
[2015-08-11 16:01:19][INFO][mocal]user import instance succeed -- logger.py line:61
[2015-08-11 16:01:19][INFO][mocal]user import instance succeed -- logger.py line:61
[2015-08-11 16:01:21][INFO][mocal]register import instance succeed -- logger.py line:61
[2015-08-11 16:01:21][INFO][mocal]register import instance succeed -- logger.py line:61
[2015-08-11 16:01:21][INFO][mocal]register import instance succeed -- logger.py line:61
[2015-08-11 16:01:21][ERROR][mocal]upload import instance failed -- logger.py line:64
[2015-08-11 16:01:21][ERROR][mocal]upload import instance failed -- logger.py line:64
[2015-08-11 16:01:21][INFO][mocal]user import instance succeed -- logger.py line:61
[2015-08-11 16:01:21][INFO][mocal]user import instance succeed -- logger.py line:61
[2015-08-11 16:01:21][INFO][mocal]upload import instance succeed -- logger.py line:61
[2015-08-11 16:01:21][INFO][mocal]upload import instance succeed -- logger.py line:61
[2015-08-11 16:01:21][INFO][mocal]user import instance succeed -- logger.py line:61
[2015-08-11 16:01:21][INFO][mocal]user import instance succeed -- logger.py line:61
[2015-08-11 16:01:44][INFO][mocal]register import instance succeed -- logger.py line:61
[2015-08-11 16:01:44][INFO][mocal]register import instance succeed -- logger.py line:61
[2015-08-11 16:01:44][INFO][mocal]register import instance succeed -- logger.py line:61
[2015-08-11 16:01:44][ERROR][mocal]upload import instance failed -- logger.py line:64
[2015-08-11 16:01:44][ERROR][mocal]upload import instance failed -- logger.py line:64
[2015-08-11 16:01:44][INFO][mocal]user import instance succeed -- logger.py line:61
[2015-08-11 16:01:44][INFO][mocal]user import instance succeed -- logger.py line:61
[2015-08-11 16:01:44][INFO][mocal]upload import instance succeed -- logger.py line:61
[2015-08-11 16:01:44][INFO][mocal]upload import instance succeed -- logger.py line:61
[2015-08-11 16:01:44][INFO][mocal]user import instance succeed -- logger.py line:61
[2015-08-11 16:01:44][INFO][mocal]user import instance succeed -- logger.py line:61
[2015-08-11 16:01:46][INFO][mocal]register import instance succeed -- logger.py line:61
[2015-08-11 16:01:46][INFO][mocal]register import instance succeed -- logger.py line:61
[2015-08-11 16:01:46][INFO][mocal]register import instance succeed -- logger.py line:61
[2015-08-11 16:01:46][ERROR][mocal]upload import instance failed -- logger.py line:64
[2015-08-11 16:01:46][ERROR][mocal]upload import instance failed -- logger.py line:64
[2015-08-11 16:01:46][INFO][mocal]user import instance succeed -- logger.py line:61
[2015-08-11 16:01:46][INFO][mocal]user import instance succeed -- logger.py line:61
[2015-08-11 16:01:47][INFO][mocal]upload import instance succeed -- logger.py line:61
[2015-08-11 16:01:47][INFO][mocal]upload import instance succeed -- logger.py line:61
[2015-08-11 16:01:47][INFO][mocal]user import instance succeed -- logger.py line:61
[2015-08-11 16:01:47][INFO][mocal]user import instance succeed -- logger.py line:61
[2015-08-11 16:03:16][INFO][mocal]register import instance succeed -- logger.py line:61
[2015-08-11 16:03:16][INFO][mocal]register import instance succeed -- logger.py line:61
[2015-08-11 16:03:16][INFO][mocal]register import instance succeed -- logger.py line:61
[2015-08-11 16:03:16][ERROR][mocal]upload import instance failed -- logger.py line:64
[2015-08-11 16:03:16][ERROR][mocal]upload import instance failed -- logger.py line:64
[2015-08-11 16:03:16][INFO][mocal]user import instance succeed -- logger.py line:61
[2015-08-11 16:03:16][INFO][mocal]user import instance succeed -- logger.py line:61
[2015-08-11 16:03:16][INFO][mocal]upload import instance succeed -- logger.py line:61
[2015-08-11 16:03:16][INFO][mocal]upload import instance succeed -- logger.py line:61
[2015-08-11 16:03:16][INFO][mocal]user import instance succeed -- logger.py line:61
[2015-08-11 16:03:16][INFO][mocal]user import instance succeed -- logger.py line:61
[2015-08-11 16:03:18][INFO][mocal]register import instance succeed -- logger.py line:61
[2015-08-11 16:03:18][INFO][mocal]register import instance succeed -- logger.py line:61
[2015-08-11 16:03:18][INFO][mocal]register import instance succeed -- logger.py line:61
[2015-08-11 16:03:18][ERROR][mocal]upload import instance failed -- logger.py line:64
[2015-08-11 16:03:18][ERROR][mocal]upload import instance failed -- logger.py line:64
[2015-08-11 16:03:18][INFO][mocal]user import instance succeed -- logger.py line:61
[2015-08-11 16:03:18][INFO][mocal]user import instance succeed -- logger.py line:61
[2015-08-11 16:03:19][INFO][mocal]upload import instance succeed -- logger.py line:61
[2015-08-11 16:03:19][INFO][mocal]upload import instance succeed -- logger.py line:61
[2015-08-11 16:03:19][INFO][mocal]user import instance succeed -- logger.py line:61
[2015-08-11 16:03:19][INFO][mocal]user import instance succeed -- logger.py line:61
[2015-08-11 16:06:29][INFO][mocal]register import instance succeed -- logger.py line:61
[2015-08-11 16:06:29][INFO][mocal]register import instance succeed -- logger.py line:61
[2015-08-11 16:06:29][INFO][mocal]register import instance succeed -- logger.py line:61
[2015-08-11 16:06:29][ERROR][mocal]upload import instance failed -- logger.py line:64
[2015-08-11 16:06:29][ERROR][mocal]upload import instance failed -- logger.py line:64
[2015-08-11 16:06:29][INFO][mocal]user import instance succeed -- logger.py line:61
[2015-08-11 16:06:29][INFO][mocal]user import instance succeed -- logger.py line:61
[2015-08-11 16:06:29][INFO][mocal]upload import instance succeed -- logger.py line:61
[2015-08-11 16:06:29][INFO][mocal]upload import instance succeed -- logger.py line:61
[2015-08-11 16:06:29][INFO][mocal]user import instance succeed -- logger.py line:61
[2015-08-11 16:06:29][INFO][mocal]user import instance succeed -- logger.py line:61
[2015-08-11 16:06:31][INFO][mocal]register import instance succeed -- logger.py line:61
[2015-08-11 16:06:31][INFO][mocal]register import instance succeed -- logger.py line:61
[2015-08-11 16:06:31][INFO][mocal]register import instance succeed -- logger.py line:61
[2015-08-11 16:06:31][ERROR][mocal]upload import instance failed -- logger.py line:64
[2015-08-11 16:06:31][ERROR][mocal]upload import instance failed -- logger.py line:64
[2015-08-11 16:06:31][INFO][mocal]user import instance succeed -- logger.py line:61
[2015-08-11 16:06:31][INFO][mocal]user import instance succeed -- logger.py line:61
[2015-08-11 16:06:31][INFO][mocal]upload import instance succeed -- logger.py line:61
[2015-08-11 16:06:31][INFO][mocal]upload import instance succeed -- logger.py line:61
[2015-08-11 16:06:31][INFO][mocal]user import instance succeed -- logger.py line:61
[2015-08-11 16:06:31][INFO][mocal]user import instance succeed -- logger.py line:61
[2015-08-11 16:07:49][INFO][mocal]register import instance succeed -- logger.py line:61
[2015-08-11 16:07:49][INFO][mocal]register import instance succeed -- logger.py line:61
[2015-08-11 16:07:49][INFO][mocal]register import instance succeed -- logger.py line:61
[2015-08-11 16:07:49][ERROR][mocal]upload import instance failed -- logger.py line:64
[2015-08-11 16:07:49][ERROR][mocal]upload import instance failed -- logger.py line:64
[2015-08-11 16:07:49][INFO][mocal]user import instance succeed -- logger.py line:61
[2015-08-11 16:07:49][INFO][mocal]user import instance succeed -- logger.py line:61
[2015-08-11 16:07:49][INFO][mocal]upload import instance succeed -- logger.py line:61
[2015-08-11 16:07:49][INFO][mocal]upload import instance succeed -- logger.py line:61
[2015-08-11 16:07:49][INFO][mocal]user import instance succeed -- logger.py line:61
[2015-08-11 16:07:49][INFO][mocal]user import instance succeed -- logger.py line:61
[2015-08-11 16:07:51][INFO][mocal]register import instance succeed -- logger.py line:61
[2015-08-11 16:07:51][INFO][mocal]register import instance succeed -- logger.py line:61
[2015-08-11 16:07:51][INFO][mocal]register import instance succeed -- logger.py line:61
[2015-08-11 16:07:51][ERROR][mocal]upload import instance failed -- logger.py line:64
[2015-08-11 16:07:51][ERROR][mocal]upload import instance failed -- logger.py line:64
[2015-08-11 16:07:51][INFO][mocal]user import instance succeed -- logger.py line:61
[2015-08-11 16:07:51][INFO][mocal]user import instance succeed -- logger.py line:61
[2015-08-11 16:07:51][INFO][mocal]upload import instance succeed -- logger.py line:61
[2015-08-11 16:07:51][INFO][mocal]upload import instance succeed -- logger.py line:61
[2015-08-11 16:07:51][INFO][mocal]user import instance succeed -- logger.py line:61
[2015-08-11 16:07:51][INFO][mocal]user import instance succeed -- logger.py line:61
[2015-08-11 16:11:17][INFO][mocal]register import instance succeed -- logger.py line:61
[2015-08-11 16:11:17][INFO][mocal]register import instance succeed -- logger.py line:61
[2015-08-11 16:11:17][INFO][mocal]register import instance succeed -- logger.py line:61
[2015-08-11 16:11:17][ERROR][mocal]upload import instance failed -- logger.py line:64
[2015-08-11 16:11:17][ERROR][mocal]upload import instance failed -- logger.py line:64
[2015-08-11 16:11:17][INFO][mocal]user import instance succeed -- logger.py line:61
[2015-08-11 16:11:17][INFO][mocal]user import instance succeed -- logger.py line:61
[2015-08-11 16:11:17][INFO][mocal]upload import instance succeed -- logger.py line:61
[2015-08-11 16:11:17][INFO][mocal]upload import instance succeed -- logger.py line:61
[2015-08-11 16:11:17][INFO][mocal]user import instance succeed -- logger.py line:61
[2015-08-11 16:11:17][INFO][mocal]user import instance succeed -- logger.py line:61
[2015-08-11 16:11:18][INFO][mocal]register import instance succeed -- logger.py line:61
[2015-08-11 16:11:18][INFO][mocal]register import instance succeed -- logger.py line:61
[2015-08-11 16:11:18][INFO][mocal]register import instance succeed -- logger.py line:61
[2015-08-11 16:11:18][ERROR][mocal]upload import instance failed -- logger.py line:64
[2015-08-11 16:11:18][ERROR][mocal]upload import instance failed -- logger.py line:64
[2015-08-11 16:11:18][INFO][mocal]user import instance succeed -- logger.py line:61
[2015-08-11 16:11:18][INFO][mocal]user import instance succeed -- logger.py line:61
[2015-08-11 16:11:18][INFO][mocal]upload import instance succeed -- logger.py line:61
[2015-08-11 16:11:18][INFO][mocal]upload import instance succeed -- logger.py line:61
[2015-08-11 16:11:18][INFO][mocal]user import instance succeed -- logger.py line:61
[2015-08-11 16:11:18][INFO][mocal]user import instance succeed -- logger.py line:61
[2015-08-11 16:14:32][INFO][mocal]register import instance succeed -- logger.py line:61
[2015-08-11 16:14:32][INFO][mocal]register import instance succeed -- logger.py line:61
[2015-08-11 16:14:32][INFO][mocal]register import instance succeed -- logger.py line:61
[2015-08-11 16:14:32][ERROR][mocal]upload import instance failed -- logger.py line:64
[2015-08-11 16:14:32][ERROR][mocal]upload import instance failed -- logger.py line:64
[2015-08-11 16:14:32][INFO][mocal]user import instance succeed -- logger.py line:61
[2015-08-11 16:14:32][INFO][mocal]user import instance succeed -- logger.py line:61
[2015-08-11 16:14:32][INFO][mocal]upload import instance succeed -- logger.py line:61
[2015-08-11 16:14:32][INFO][mocal]upload import instance succeed -- logger.py line:61
[2015-08-11 16:14:32][INFO][mocal]user import instance succeed -- logger.py line:61
[2015-08-11 16:14:32][INFO][mocal]user import instance succeed -- logger.py line:61
[2015-08-11 16:17:08][INFO][mocal]register import instance succeed -- logger.py line:61
[2015-08-11 16:17:08][INFO][mocal]register import instance succeed -- logger.py line:61
[2015-08-11 16:17:08][INFO][mocal]register import instance succeed -- logger.py line:61
[2015-08-11 16:17:08][ERROR][mocal]upload import instance failed -- logger.py line:64
[2015-08-11 16:17:08][ERROR][mocal]upload import instance failed -- logger.py line:64
[2015-08-11 16:17:08][INFO][mocal]user import instance succeed -- logger.py line:61
[2015-08-11 16:17:08][INFO][mocal]user import instance succeed -- logger.py line:61
[2015-08-11 16:17:08][INFO][mocal]upload import instance succeed -- logger.py line:61
[2015-08-11 16:17:08][INFO][mocal]upload import instance succeed -- logger.py line:61
[2015-08-11 16:17:08][INFO][mocal]user import instance succeed -- logger.py line:61
[2015-08-11 16:17:08][INFO][mocal]user import instance succeed -- logger.py line:61
[2015-08-11 16:17:09][INFO][mocal]register import instance succeed -- logger.py line:61
[2015-08-11 16:17:09][INFO][mocal]register import instance succeed -- logger.py line:61
[2015-08-11 16:17:09][INFO][mocal]register import instance succeed -- logger.py line:61
[2015-08-11 16:17:09][ERROR][mocal]upload import instance failed -- logger.py line:64
[2015-08-11 16:17:09][ERROR][mocal]upload import instance failed -- logger.py line:64
[2015-08-11 16:17:09][INFO][mocal]user import instance succeed -- logger.py line:61
[2015-08-11 16:17:09][INFO][mocal]user import instance succeed -- logger.py line:61
[2015-08-11 16:17:09][INFO][mocal]upload import instance succeed -- logger.py line:61
[2015-08-11 16:17:09][INFO][mocal]upload import instance succeed -- logger.py line:61
[2015-08-11 16:17:09][INFO][mocal]user import instance succeed -- logger.py line:61
[2015-08-11 16:17:09][INFO][mocal]user import instance succeed -- logger.py line:61
[2015-08-11 16:18:21][INFO][mocal]register import instance succeed -- logger.py line:61
[2015-08-11 16:18:21][INFO][mocal]register import instance succeed -- logger.py line:61
[2015-08-11 16:18:21][INFO][mocal]register import instance succeed -- logger.py line:61
[2015-08-11 16:18:21][ERROR][mocal]upload import instance failed -- logger.py line:64
[2015-08-11 16:18:21][ERROR][mocal]upload import instance failed -- logger.py line:64
[2015-08-11 16:18:21][INFO][mocal]user import instance succeed -- logger.py line:61
[2015-08-11 16:18:21][INFO][mocal]user import instance succeed -- logger.py line:61
[2015-08-11 16:18:21][INFO][mocal]upload import instance succeed -- logger.py line:61
[2015-08-11 16:18:21][INFO][mocal]upload import instance succeed -- logger.py line:61
[2015-08-11 16:18:21][INFO][mocal]user import instance succeed -- logger.py line:61
[2015-08-11 16:18:21][INFO][mocal]user import instance succeed -- logger.py line:61
[2015-08-11 16:18:21][INFO][mocal]register import instance succeed -- logger.py line:61
[2015-08-11 16:18:21][INFO][mocal]register import instance succeed -- logger.py line:61
[2015-08-11 16:18:21][INFO][mocal]register import instance succeed -- logger.py line:61
[2015-08-11 16:18:21][ERROR][mocal]upload import instance failed -- logger.py line:64
[2015-08-11 16:18:21][ERROR][mocal]upload import instance failed -- logger.py line:64
[2015-08-11 16:18:21][INFO][mocal]user import instance succeed -- logger.py line:61
[2015-08-11 16:18:21][INFO][mocal]user import instance succeed -- logger.py line:61
[2015-08-11 16:18:21][INFO][mocal]upload import instance succeed -- logger.py line:61
[2015-08-11 16:18:21][INFO][mocal]upload import instance succeed -- logger.py line:61
[2015-08-11 16:18:21][INFO][mocal]user import instance succeed -- logger.py line:61
[2015-08-11 16:18:21][INFO][mocal]user import instance succeed -- logger.py line:61
[2015-08-11 16:22:32][INFO][mocal]register import instance succeed -- logger.py line:61
[2015-08-11 16:22:32][INFO][mocal]register import instance succeed -- logger.py line:61
[2015-08-11 16:22:32][INFO][mocal]register import instance succeed -- logger.py line:61
[2015-08-11 16:22:32][ERROR][mocal]upload import instance failed -- logger.py line:64
[2015-08-11 16:22:32][ERROR][mocal]upload import instance failed -- logger.py line:64
[2015-08-11 16:22:32][INFO][mocal]user import instance succeed -- logger.py line:61
[2015-08-11 16:22:32][INFO][mocal]user import instance succeed -- logger.py line:61
[2015-08-11 16:22:32][INFO][mocal]upload import instance succeed -- logger.py line:61
[2015-08-11 16:22:32][INFO][mocal]upload import instance succeed -- logger.py line:61
[2015-08-11 16:22:32][INFO][mocal]user import instance succeed -- logger.py line:61
[2015-08-11 16:22:32][INFO][mocal]user import instance succeed -- logger.py line:61
[2015-08-11 16:24:38][INFO][mocal]register import instance succeed -- logger.py line:61
[2015-08-11 16:24:38][INFO][mocal]register import instance succeed -- logger.py line:61
[2015-08-11 16:24:38][INFO][mocal]register import instance succeed -- logger.py line:61
[2015-08-11 16:24:38][ERROR][mocal]upload import instance failed -- logger.py line:64
[2015-08-11 16:24:38][ERROR][mocal]upload import instance failed -- logger.py line:64
[2015-08-11 16:24:38][INFO][mocal]user import instance succeed -- logger.py line:61
[2015-08-11 16:24:38][INFO][mocal]user import instance succeed -- logger.py line:61
[2015-08-11 16:24:38][INFO][mocal]upload import instance succeed -- logger.py line:61
[2015-08-11 16:24:38][INFO][mocal]upload import instance succeed -- logger.py line:61
[2015-08-11 16:24:38][INFO][mocal]user import instance succeed -- logger.py line:61
[2015-08-11 16:24:38][INFO][mocal]user import instance succeed -- logger.py line:61
[2015-08-11 16:28:28][INFO][mocal]register import instance succeed -- logger.py line:61
[2015-08-11 16:28:28][INFO][mocal]register import instance succeed -- logger.py line:61
[2015-08-11 16:28:28][INFO][mocal]register import instance succeed -- logger.py line:61
[2015-08-11 16:28:28][ERROR][mocal]upload import instance failed -- logger.py line:64
[2015-08-11 16:28:28][ERROR][mocal]upload import instance failed -- logger.py line:64
[2015-08-11 16:28:28][INFO][mocal]user import instance succeed -- logger.py line:61
[2015-08-11 16:28:28][INFO][mocal]user import instance succeed -- logger.py line:61
[2015-08-11 16:28:28][INFO][mocal]upload import instance succeed -- logger.py line:61
[2015-08-11 16:28:28][INFO][mocal]upload import instance succeed -- logger.py line:61
[2015-08-11 16:28:28][INFO][mocal]user import instance succeed -- logger.py line:61
[2015-08-11 16:28:28][INFO][mocal]user import instance succeed -- logger.py line:61
[2015-08-11 16:30:44][INFO][mocal]register import instance succeed -- logger.py line:61
[2015-08-11 16:30:44][INFO][mocal]register import instance succeed -- logger.py line:61
[2015-08-11 16:30:44][INFO][mocal]register import instance succeed -- logger.py line:61
[2015-08-11 16:30:44][ERROR][mocal]upload import instance failed -- logger.py line:64
[2015-08-11 16:30:44][ERROR][mocal]upload import instance failed -- logger.py line:64
[2015-08-11 16:30:44][INFO][mocal]user import instance succeed -- logger.py line:61
[2015-08-11 16:30:44][INFO][mocal]user import instance succeed -- logger.py line:61
[2015-08-11 16:30:44][INFO][mocal]upload import instance succeed -- logger.py line:61
[2015-08-11 16:30:44][INFO][mocal]upload import instance succeed -- logger.py line:61
[2015-08-11 16:30:44][INFO][mocal]user import instance succeed -- logger.py line:61
[2015-08-11 16:30:44][INFO][mocal]user import instance succeed -- logger.py line:61
[2015-08-11 16:32:28][INFO][mocal]register import instance succeed -- logger.py line:61
[2015-08-11 16:32:28][INFO][mocal]register import instance succeed -- logger.py line:61
[2015-08-11 16:32:28][INFO][mocal]register import instance succeed -- logger.py line:61
[2015-08-11 16:32:28][ERROR][mocal]upload import instance failed -- logger.py line:64
[2015-08-11 16:32:28][ERROR][mocal]upload import instance failed -- logger.py line:64
[2015-08-11 16:32:28][INFO][mocal]user import instance succeed -- logger.py line:61
[2015-08-11 16:32:28][INFO][mocal]user import instance succeed -- logger.py line:61
[2015-08-11 16:32:28][INFO][mocal]upload import instance succeed -- logger.py line:61
[2015-08-11 16:32:28][INFO][mocal]upload import instance succeed -- logger.py line:61
[2015-08-11 16:32:28][INFO][mocal]user import instance succeed -- logger.py line:61
[2015-08-11 16:32:28][INFO][mocal]user import instance succeed -- logger.py line:61
[2015-08-11 16:36:29][INFO][mocal]register import instance succeed -- logger.py line:61
[2015-08-11 16:36:29][INFO][mocal]register import instance succeed -- logger.py line:61
[2015-08-11 16:36:29][INFO][mocal]register import instance succeed -- logger.py line:61
[2015-08-11 16:36:29][ERROR][mocal]upload import instance failed -- logger.py line:64
[2015-08-11 16:36:29][ERROR][mocal]upload import instance failed -- logger.py line:64
[2015-08-11 16:36:29][INFO][mocal]user import instance succeed -- logger.py line:61
[2015-08-11 16:36:29][INFO][mocal]user import instance succeed -- logger.py line:61
[2015-08-11 16:36:29][INFO][mocal]upload import instance succeed -- logger.py line:61
[2015-08-11 16:36:29][INFO][mocal]upload import instance succeed -- logger.py line:61
[2015-08-11 16:36:29][INFO][mocal]user import instance succeed -- logger.py line:61
[2015-08-11 16:36:29][INFO][mocal]user import instance succeed -- logger.py line:61
[2015-08-11 16:36:54][INFO][mocal]register import instance succeed -- logger.py line:61
[2015-08-11 16:36:54][INFO][mocal]register import instance succeed -- logger.py line:61
[2015-08-11 16:36:54][INFO][mocal]register import instance succeed -- logger.py line:61
[2015-08-11 16:36:54][ERROR][mocal]upload import instance failed -- logger.py line:64
[2015-08-11 16:36:54][ERROR][mocal]upload import instance failed -- logger.py line:64
[2015-08-11 16:36:54][INFO][mocal]user import instance succeed -- logger.py line:61
[2015-08-11 16:36:54][INFO][mocal]user import instance succeed -- logger.py line:61
[2015-08-11 16:36:54][INFO][mocal]upload import instance succeed -- logger.py line:61
[2015-08-11 16:36:54][INFO][mocal]upload import instance succeed -- logger.py line:61
[2015-08-11 16:36:54][INFO][mocal]user import instance succeed -- logger.py line:61
[2015-08-11 16:36:54][INFO][mocal]user import instance succeed -- logger.py line:61
[2015-08-11 16:45:15][INFO][mocal]register import instance succeed -- logger.py line:61
[2015-08-11 16:45:15][INFO][mocal]register import instance succeed -- logger.py line:61
[2015-08-11 16:45:15][INFO][mocal]register import instance succeed -- logger.py line:61
[2015-08-11 16:45:15][ERROR][mocal]upload import instance failed -- logger.py line:64
[2015-08-11 16:45:15][ERROR][mocal]upload import instance failed -- logger.py line:64
[2015-08-11 16:45:15][INFO][mocal]user import instance succeed -- logger.py line:61
[2015-08-11 16:45:15][INFO][mocal]user import instance succeed -- logger.py line:61
[2015-08-11 16:45:15][INFO][mocal]upload import instance succeed -- logger.py line:61
[2015-08-11 16:45:15][INFO][mocal]upload import instance succeed -- logger.py line:61
[2015-08-11 16:45:15][INFO][mocal]user import instance succeed -- logger.py line:61
[2015-08-11 16:45:15][INFO][mocal]user import instance succeed -- logger.py line:61
[2015-08-11 17:03:22][INFO][mocal]register import instance succeed -- logger.py line:61
[2015-08-11 17:03:22][INFO][mocal]register import instance succeed -- logger.py line:61
[2015-08-11 17:03:22][INFO][mocal]register import instance succeed -- logger.py line:61
[2015-08-11 17:03:22][ERROR][mocal]upload import instance failed -- logger.py line:64
[2015-08-11 17:03:22][ERROR][mocal]upload import instance failed -- logger.py line:64
[2015-08-11 17:03:22][INFO][mocal]user import instance succeed -- logger.py line:61
[2015-08-11 17:03:22][INFO][mocal]user import instance succeed -- logger.py line:61
[2015-08-11 17:03:22][INFO][mocal]upload import instance succeed -- logger.py line:61
[2015-08-11 17:03:22][INFO][mocal]upload import instance succeed -- logger.py line:61
[2015-08-11 17:03:22][INFO][mocal]user import instance succeed -- logger.py line:61
[2015-08-11 17:03:22][INFO][mocal]user import instance succeed -- logger.py line:61
[2015-08-11 17:03:22][INFO][mocal]register import instance succeed -- logger.py line:61
[2015-08-11 17:03:22][INFO][mocal]register import instance succeed -- logger.py line:61
[2015-08-11 17:03:22][INFO][mocal]register import instance succeed -- logger.py line:61
[2015-08-11 17:03:22][ERROR][mocal]upload import instance failed -- logger.py line:64
[2015-08-11 17:03:22][ERROR][mocal]upload import instance failed -- logger.py line:64
[2015-08-11 17:03:22][INFO][mocal]user import instance succeed -- logger.py line:61
[2015-08-11 17:03:22][INFO][mocal]user import instance succeed -- logger.py line:61
[2015-08-11 17:03:22][INFO][mocal]upload import instance succeed -- logger.py line:61
[2015-08-11 17:03:22][INFO][mocal]upload import instance succeed -- logger.py line:61
[2015-08-11 17:03:22][INFO][mocal]user import instance succeed -- logger.py line:61
[2015-08-11 17:03:22][INFO][mocal]user import instance succeed -- logger.py line:61
[2015-08-11 17:03:23][INFO][mocal]register import instance succeed -- logger.py line:61
[2015-08-11 17:03:23][INFO][mocal]register import instance succeed -- logger.py line:61
[2015-08-11 17:03:23][INFO][mocal]register import instance succeed -- logger.py line:61
[2015-08-11 17:03:23][ERROR][mocal]upload import instance failed -- logger.py line:64
[2015-08-11 17:03:23][ERROR][mocal]upload import instance failed -- logger.py line:64
[2015-08-11 17:03:23][INFO][mocal]user import instance succeed -- logger.py line:61
[2015-08-11 17:03:23][INFO][mocal]user import instance succeed -- logger.py line:61
[2015-08-11 17:03:23][INFO][mocal]upload import instance succeed -- logger.py line:61
[2015-08-11 17:03:23][INFO][mocal]upload import instance succeed -- logger.py line:61
[2015-08-11 17:03:23][INFO][mocal]user import instance succeed -- logger.py line:61
[2015-08-11 17:03:23][INFO][mocal]user import instance succeed -- logger.py line:61
[2015-08-11 17:03:27][INFO][mocal]register import instance succeed -- logger.py line:61
[2015-08-11 17:03:27][INFO][mocal]register import instance succeed -- logger.py line:61
[2015-08-11 17:03:27][INFO][mocal]register import instance succeed -- logger.py line:61
[2015-08-11 17:03:27][ERROR][mocal]upload import instance failed -- logger.py line:64
[2015-08-11 17:03:27][ERROR][mocal]upload import instance failed -- logger.py line:64
[2015-08-11 17:03:27][INFO][mocal]user import instance succeed -- logger.py line:61
[2015-08-11 17:03:27][INFO][mocal]user import instance succeed -- logger.py line:61
[2015-08-11 17:03:27][INFO][mocal]upload import instance succeed -- logger.py line:61
[2015-08-11 17:03:27][INFO][mocal]upload import instance succeed -- logger.py line:61
[2015-08-11 17:03:27][INFO][mocal]user import instance succeed -- logger.py line:61
[2015-08-11 17:03:27][INFO][mocal]user import instance succeed -- logger.py line:61
[2015-08-11 17:03:28][INFO][mocal]register import instance succeed -- logger.py line:61
[2015-08-11 17:03:28][INFO][mocal]register import instance succeed -- logger.py line:61
[2015-08-11 17:03:28][INFO][mocal]register import instance succeed -- logger.py line:61
[2015-08-11 17:03:28][ERROR][mocal]upload import instance failed -- logger.py line:64
[2015-08-11 17:03:28][ERROR][mocal]upload import instance failed -- logger.py line:64
[2015-08-11 17:03:28][INFO][mocal]user import instance succeed -- logger.py line:61
[2015-08-11 17:03:28][INFO][mocal]user import instance succeed -- logger.py line:61
[2015-08-11 17:03:28][INFO][mocal]upload import instance succeed -- logger.py line:61
[2015-08-11 17:03:28][INFO][mocal]upload import instance succeed -- logger.py line:61
[2015-08-11 17:03:28][INFO][mocal]user import instance succeed -- logger.py line:61
[2015-08-11 17:03:28][INFO][mocal]user import instance succeed -- logger.py line:61
[2015-08-11 17:06:08][INFO][mocal]register import instance succeed -- logger.py line:61
[2015-08-11 17:06:08][INFO][mocal]register import instance succeed -- logger.py line:61
[2015-08-11 17:06:08][INFO][mocal]register import instance succeed -- logger.py line:61
[2015-08-11 17:06:08][ERROR][mocal]upload import instance failed -- logger.py line:64
[2015-08-11 17:06:08][ERROR][mocal]upload import instance failed -- logger.py line:64
[2015-08-11 17:06:08][INFO][mocal]user import instance succeed -- logger.py line:61
[2015-08-11 17:06:08][INFO][mocal]user import instance succeed -- logger.py line:61
[2015-08-11 17:06:08][INFO][mocal]upload import instance succeed -- logger.py line:61
[2015-08-11 17:06:08][INFO][mocal]upload import instance succeed -- logger.py line:61
[2015-08-11 17:06:08][INFO][mocal]user import instance succeed -- logger.py line:61
[2015-08-11 17:06:08][INFO][mocal]user import instance succeed -- logger.py line:61
[2015-08-11 17:06:09][INFO][mocal]register import instance succeed -- logger.py line:61
[2015-08-11 17:06:09][INFO][mocal]register import instance succeed -- logger.py line:61
[2015-08-11 17:06:09][INFO][mocal]register import instance succeed -- logger.py line:61
[2015-08-11 17:06:09][ERROR][mocal]upload import instance failed -- logger.py line:64
[2015-08-11 17:06:09][ERROR][mocal]upload import instance failed -- logger.py line:64
[2015-08-11 17:06:09][INFO][mocal]user import instance succeed -- logger.py line:61
[2015-08-11 17:06:09][INFO][mocal]user import instance succeed -- logger.py line:61
[2015-08-11 17:06:09][INFO][mocal]upload import instance succeed -- logger.py line:61
[2015-08-11 17:06:09][INFO][mocal]upload import instance succeed -- logger.py line:61
[2015-08-11 17:06:09][INFO][mocal]user import instance succeed -- logger.py line:61
[2015-08-11 17:06:09][INFO][mocal]user import instance succeed -- logger.py line:61
[2015-08-11 17:06:15][INFO][mocal]register import instance succeed -- logger.py line:61
[2015-08-11 17:06:15][INFO][mocal]register import instance succeed -- logger.py line:61
[2015-08-11 17:06:15][INFO][mocal]register import instance succeed -- logger.py line:61
[2015-08-11 17:06:15][ERROR][mocal]upload import instance failed -- logger.py line:64
[2015-08-11 17:06:15][ERROR][mocal]upload import instance failed -- logger.py line:64
[2015-08-11 17:06:15][INFO][mocal]user import instance succeed -- logger.py line:61
[2015-08-11 17:06:15][INFO][mocal]user import instance succeed -- logger.py line:61
[2015-08-11 17:06:15][INFO][mocal]upload import instance succeed -- logger.py line:61
[2015-08-11 17:06:15][INFO][mocal]upload import instance succeed -- logger.py line:61
[2015-08-11 17:06:15][INFO][mocal]user import instance succeed -- logger.py line:61
[2015-08-11 17:06:15][INFO][mocal]user import instance succeed -- logger.py line:61
[2015-08-11 17:06:16][INFO][mocal]register import instance succeed -- logger.py line:61
[2015-08-11 17:06:16][INFO][mocal]register import instance succeed -- logger.py line:61
[2015-08-11 17:06:16][INFO][mocal]register import instance succeed -- logger.py line:61
[2015-08-11 17:06:16][ERROR][mocal]upload import instance failed -- logger.py line:64
[2015-08-11 17:06:16][ERROR][mocal]upload import instance failed -- logger.py line:64
[2015-08-11 17:06:16][INFO][mocal]user import instance succeed -- logger.py line:61
[2015-08-11 17:06:16][INFO][mocal]user import instance succeed -- logger.py line:61
[2015-08-11 17:06:16][INFO][mocal]upload import instance succeed -- logger.py line:61
[2015-08-11 17:06:16][INFO][mocal]upload import instance succeed -- logger.py line:61
[2015-08-11 17:06:16][INFO][mocal]user import instance succeed -- logger.py line:61
[2015-08-11 17:06:16][INFO][mocal]user import instance succeed -- logger.py line:61
[2015-08-11 17:19:15][INFO][mocal]register import instance succeed -- logger.py line:61
[2015-08-11 17:19:15][INFO][mocal]register import instance succeed -- logger.py line:61
[2015-08-11 17:19:15][INFO][mocal]register import instance succeed -- logger.py line:61
[2015-08-11 17:19:15][ERROR][mocal]upload import instance failed -- logger.py line:64
[2015-08-11 17:19:15][ERROR][mocal]upload import instance failed -- logger.py line:64
[2015-08-11 17:19:15][INFO][mocal]user import instance succeed -- logger.py line:61
[2015-08-11 17:19:15][INFO][mocal]user import instance succeed -- logger.py line:61
[2015-08-11 17:19:15][INFO][mocal]upload import instance succeed -- logger.py line:61
[2015-08-11 17:19:15][INFO][mocal]upload import instance succeed -- logger.py line:61
[2015-08-11 17:19:15][INFO][mocal]user import instance succeed -- logger.py line:61
[2015-08-11 17:19:15][INFO][mocal]user import instance succeed -- logger.py line:61
[2015-08-11 17:19:17][INFO][mocal]register import instance succeed -- logger.py line:61
[2015-08-11 17:19:17][INFO][mocal]register import instance succeed -- logger.py line:61
[2015-08-11 17:19:17][INFO][mocal]register import instance succeed -- logger.py line:61
[2015-08-11 17:19:17][ERROR][mocal]upload import instance failed -- logger.py line:64
[2015-08-11 17:19:17][ERROR][mocal]upload import instance failed -- logger.py line:64
[2015-08-11 17:19:17][INFO][mocal]user import instance succeed -- logger.py line:61
[2015-08-11 17:19:17][INFO][mocal]user import instance succeed -- logger.py line:61
[2015-08-11 17:19:17][INFO][mocal]upload import instance succeed -- logger.py line:61
[2015-08-11 17:19:17][INFO][mocal]upload import instance succeed -- logger.py line:61
[2015-08-11 17:19:17][INFO][mocal]user import instance succeed -- logger.py line:61
[2015-08-11 17:19:17][INFO][mocal]user import instance succeed -- logger.py line:61
[2015-08-11 17:20:54][INFO][mocal]register import instance succeed -- logger.py line:61
[2015-08-11 17:20:54][INFO][mocal]register import instance succeed -- logger.py line:61
[2015-08-11 17:20:54][INFO][mocal]register import instance succeed -- logger.py line:61
[2015-08-11 17:20:54][ERROR][mocal]upload import instance failed -- logger.py line:64
[2015-08-11 17:20:54][ERROR][mocal]upload import instance failed -- logger.py line:64
[2015-08-11 17:20:54][INFO][mocal]user import instance succeed -- logger.py line:61
[2015-08-11 17:20:54][INFO][mocal]user import instance succeed -- logger.py line:61
[2015-08-11 17:20:54][INFO][mocal]upload import instance succeed -- logger.py line:61
[2015-08-11 17:20:54][INFO][mocal]upload import instance succeed -- logger.py line:61
[2015-08-11 17:20:54][INFO][mocal]user import instance succeed -- logger.py line:61
[2015-08-11 17:20:54][INFO][mocal]user import instance succeed -- logger.py line:61
[2015-08-11 17:20:56][INFO][mocal]register import instance succeed -- logger.py line:61
[2015-08-11 17:20:56][INFO][mocal]register import instance succeed -- logger.py line:61
[2015-08-11 17:20:56][INFO][mocal]register import instance succeed -- logger.py line:61
[2015-08-11 17:20:56][ERROR][mocal]upload import instance failed -- logger.py line:64
[2015-08-11 17:20:56][ERROR][mocal]upload import instance failed -- logger.py line:64
[2015-08-11 17:20:56][INFO][mocal]user import instance succeed -- logger.py line:61
[2015-08-11 17:20:56][INFO][mocal]user import instance succeed -- logger.py line:61
[2015-08-11 17:20:56][INFO][mocal]upload import instance succeed -- logger.py line:61
[2015-08-11 17:20:56][INFO][mocal]upload import instance succeed -- logger.py line:61
[2015-08-11 17:20:56][INFO][mocal]user import instance succeed -- logger.py line:61
[2015-08-11 17:20:56][INFO][mocal]user import instance succeed -- logger.py line:61
[2015-08-11 17:22:12][INFO][mocal]register import instance succeed -- logger.py line:61
[2015-08-11 17:22:12][INFO][mocal]register import instance succeed -- logger.py line:61
[2015-08-11 17:22:12][INFO][mocal]register import instance succeed -- logger.py line:61
[2015-08-11 17:22:12][ERROR][mocal]upload import instance failed -- logger.py line:64
[2015-08-11 17:22:12][ERROR][mocal]upload import instance failed -- logger.py line:64
[2015-08-11 17:22:12][INFO][mocal]user import instance succeed -- logger.py line:61
[2015-08-11 17:22:12][INFO][mocal]user import instance succeed -- logger.py line:61
[2015-08-11 17:22:13][INFO][mocal]upload import instance succeed -- logger.py line:61
[2015-08-11 17:22:13][INFO][mocal]upload import instance succeed -- logger.py line:61
[2015-08-11 17:22:13][INFO][mocal]user import instance succeed -- logger.py line:61
[2015-08-11 17:22:13][INFO][mocal]user import instance succeed -- logger.py line:61
[2015-08-11 17:22:15][INFO][mocal]register import instance succeed -- logger.py line:61
[2015-08-11 17:22:15][INFO][mocal]register import instance succeed -- logger.py line:61
[2015-08-11 17:22:15][INFO][mocal]register import instance succeed -- logger.py line:61
[2015-08-11 17:22:15][ERROR][mocal]upload import instance failed -- logger.py line:64
[2015-08-11 17:22:15][ERROR][mocal]upload import instance failed -- logger.py line:64
[2015-08-11 17:22:15][INFO][mocal]user import instance succeed -- logger.py line:61
[2015-08-11 17:22:15][INFO][mocal]user import instance succeed -- logger.py line:61
[2015-08-11 17:22:15][INFO][mocal]upload import instance succeed -- logger.py line:61
[2015-08-11 17:22:15][INFO][mocal]upload import instance succeed -- logger.py line:61
[2015-08-11 17:22:15][INFO][mocal]user import instance succeed -- logger.py line:61
[2015-08-11 17:22:15][INFO][mocal]user import instance succeed -- logger.py line:61
[2015-08-11 17:23:53][INFO][mocal]register import instance succeed -- logger.py line:61
[2015-08-11 17:23:53][INFO][mocal]register import instance succeed -- logger.py line:61
[2015-08-11 17:23:53][INFO][mocal]register import instance succeed -- logger.py line:61
[2015-08-11 17:23:53][ERROR][mocal]upload import instance failed -- logger.py line:64
[2015-08-11 17:23:53][ERROR][mocal]upload import instance failed -- logger.py line:64
[2015-08-11 17:23:53][INFO][mocal]user import instance succeed -- logger.py line:61
[2015-08-11 17:23:53][INFO][mocal]user import instance succeed -- logger.py line:61
[2015-08-11 17:23:53][INFO][mocal]upload import instance succeed -- logger.py line:61
[2015-08-11 17:23:53][INFO][mocal]upload import instance succeed -- logger.py line:61
[2015-08-11 17:23:53][INFO][mocal]user import instance succeed -- logger.py line:61
[2015-08-11 17:23:53][INFO][mocal]user import instance succeed -- logger.py line:61
[2015-08-11 17:23:54][INFO][mocal]register import instance succeed -- logger.py line:61
[2015-08-11 17:23:54][INFO][mocal]register import instance succeed -- logger.py line:61
[2015-08-11 17:23:54][INFO][mocal]register import instance succeed -- logger.py line:61
[2015-08-11 17:23:54][ERROR][mocal]upload import instance failed -- logger.py line:64
[2015-08-11 17:23:54][ERROR][mocal]upload import instance failed -- logger.py line:64
[2015-08-11 17:23:54][INFO][mocal]user import instance succeed -- logger.py line:61
[2015-08-11 17:23:54][INFO][mocal]user import instance succeed -- logger.py line:61
[2015-08-11 17:23:54][INFO][mocal]upload import instance succeed -- logger.py line:61
[2015-08-11 17:23:54][INFO][mocal]upload import instance succeed -- logger.py line:61
[2015-08-11 17:23:54][INFO][mocal]user import instance succeed -- logger.py line:61
[2015-08-11 17:23:54][INFO][mocal]user import instance succeed -- logger.py line:61
[2015-08-11 17:23:54][INFO][mocal]register import instance succeed -- logger.py line:61
[2015-08-11 17:23:54][INFO][mocal]register import instance succeed -- logger.py line:61
[2015-08-11 17:23:54][INFO][mocal]register import instance succeed -- logger.py line:61
[2015-08-11 17:23:54][ERROR][mocal]upload import instance failed -- logger.py line:64
[2015-08-11 17:23:54][ERROR][mocal]upload import instance failed -- logger.py line:64
[2015-08-11 17:23:54][INFO][mocal]user import instance succeed -- logger.py line:61
[2015-08-11 17:23:54][INFO][mocal]user import instance succeed -- logger.py line:61
[2015-08-11 17:23:55][INFO][mocal]upload import instance succeed -- logger.py line:61
[2015-08-11 17:23:55][INFO][mocal]upload import instance succeed -- logger.py line:61
[2015-08-11 17:23:55][INFO][mocal]user import instance succeed -- logger.py line:61
[2015-08-11 17:23:55][INFO][mocal]user import instance succeed -- logger.py line:61
[2015-08-11 17:26:16][INFO][mocal]register import instance succeed -- logger.py line:61
[2015-08-11 17:26:16][INFO][mocal]register import instance succeed -- logger.py line:61
[2015-08-11 17:26:16][INFO][mocal]register import instance succeed -- logger.py line:61
[2015-08-11 17:26:16][ERROR][mocal]upload import instance failed -- logger.py line:64
[2015-08-11 17:26:16][ERROR][mocal]upload import instance failed -- logger.py line:64
[2015-08-11 17:26:16][INFO][mocal]user import instance succeed -- logger.py line:61
[2015-08-11 17:26:16][INFO][mocal]user import instance succeed -- logger.py line:61
[2015-08-11 17:26:16][INFO][mocal]upload import instance succeed -- logger.py line:61
[2015-08-11 17:26:16][INFO][mocal]upload import instance succeed -- logger.py line:61
[2015-08-11 17:26:16][INFO][mocal]user import instance succeed -- logger.py line:61
[2015-08-11 17:26:16][INFO][mocal]user import instance succeed -- logger.py line:61
[2015-08-11 17:27:20][INFO][mocal]register import instance succeed -- logger.py line:61
[2015-08-11 17:27:20][INFO][mocal]register import instance succeed -- logger.py line:61
[2015-08-11 17:27:20][INFO][mocal]register import instance succeed -- logger.py line:61
[2015-08-11 17:27:20][ERROR][mocal]upload import instance failed -- logger.py line:64
[2015-08-11 17:27:20][ERROR][mocal]upload import instance failed -- logger.py line:64
[2015-08-11 17:27:20][INFO][mocal]user import instance succeed -- logger.py line:61
[2015-08-11 17:27:20][INFO][mocal]user import instance succeed -- logger.py line:61
[2015-08-11 17:27:20][INFO][mocal]upload import instance succeed -- logger.py line:61
[2015-08-11 17:27:20][INFO][mocal]upload import instance succeed -- logger.py line:61
[2015-08-11 17:27:20][INFO][mocal]user import instance succeed -- logger.py line:61
[2015-08-11 17:27:20][INFO][mocal]user import instance succeed -- logger.py line:61
[2015-08-11 17:28:51][INFO][mocal]register import instance succeed -- logger.py line:61
[2015-08-11 17:28:51][INFO][mocal]register import instance succeed -- logger.py line:61
[2015-08-11 17:28:51][INFO][mocal]register import instance succeed -- logger.py line:61
[2015-08-11 17:28:51][ERROR][mocal]upload import instance failed -- logger.py line:64
[2015-08-11 17:28:51][ERROR][mocal]upload import instance failed -- logger.py line:64
[2015-08-11 17:28:51][INFO][mocal]user import instance succeed -- logger.py line:61
[2015-08-11 17:28:51][INFO][mocal]user import instance succeed -- logger.py line:61
[2015-08-11 17:28:51][INFO][mocal]upload import instance succeed -- logger.py line:61
[2015-08-11 17:28:51][INFO][mocal]upload import instance succeed -- logger.py line:61
[2015-08-11 17:28:51][INFO][mocal]user import instance succeed -- logger.py line:61
[2015-08-11 17:28:51][INFO][mocal]user import instance succeed -- logger.py line:61
